#
# There is insufficient memory for the Java Runtime Environment to continue.
# Native memory allocation (malloc) failed to allocate 131088 bytes for Chunk::new
# Possible reasons:
#   The system is out of physical RAM or swap space
#   The process is running with CompressedOops enabled, and the Java Heap may be blocking the growth of the native heap
# Possible solutions:
#   Reduce memory load on the system
#   Increase physical memory or swap space
#   Check if swap backing store is full
#   Decrease Java heap size (-Xmx/-Xms)
#   Decrease number of Java threads
#   Decrease Java thread stack sizes (-Xss)
#   Set larger code cache with -XX:ReservedCodeCacheSize=
#   JVM is running with Unscaled Compressed Oops mode in which the Java heap is
#     placed in the first 4GB address space. The Java Heap base address is the
#     maximum limit for the native heap growth. Please use -XX:HeapBaseMinAddress
#     to set the Java Heap base and to place the Java Heap above 4GB virtual address.
# This output file may be truncated or incomplete.
#
#  Out of Memory Error (arena.cpp:191), pid=18248, tid=16072
#
# JRE version: OpenJDK Runtime Environment Microsoft-8902769 (17.0.10+7) (build 17.0.10+7-LTS)
# Java VM: OpenJDK 64-Bit Server VM Microsoft-8902769 (17.0.10+7-LTS, mixed mode, sharing, tiered, compressed oops, compressed class ptrs, g1 gc, windows-amd64)
# No core dump will be written. Minidumps are not enabled by default on client versions of Windows
#

---------------  S U M M A R Y ------------

Command Line: -javaagent:C:\Program Files\JetBrains\IntelliJ IDEA Community Edition 2023.3.4\lib\idea_rt.jar=57355:C:\Program Files\JetBrains\IntelliJ IDEA Community Edition 2023.3.4\bin -Dfile.encoding=UTF-8 ps.technolab.backend.BackendApplication

Host: Intel(R) Core(TM) i7-10510U CPU @ 1.80GHz, 8 cores, 7G,  Windows 10 , 64 bit Build 19041 (10.0.19041.3636)
Time: Tue Mar 12 23:02:33 2024 West Bank Gaza Standard Time elapsed time: 633.267879 seconds (0d 0h 10m 33s)

---------------  T H R E A D  ---------------

Current thread (0x0000024e7c36bff0):  JavaThread "C2 CompilerThread0" daemon [_thread_in_native, id=16072, stack(0x000000b309100000,0x000000b309200000)]


Current CompileTask:
C2: 633268 12018   !   4       org.hibernate.query.spi.AbstractSelectionQuery::list (83 bytes)

Stack: [0x000000b309100000,0x000000b309200000]
Native frames: (J=compiled Java code, j=interpreted, Vv=VM code, C=native code)
V  [jvm.dll+0x67f829]
V  [jvm.dll+0x83750a]
V  [jvm.dll+0x838fce]
V  [jvm.dll+0x839633]
V  [jvm.dll+0x247cbf]
V  [jvm.dll+0xac524]
V  [jvm.dll+0xacb6c]
V  [jvm.dll+0xb81dd]
V  [jvm.dll+0x5873e2]
V  [jvm.dll+0x222d32]
V  [jvm.dll+0x21be6d]
V  [jvm.dll+0x219711]
V  [jvm.dll+0x1a5176]
V  [jvm.dll+0x22957e]
V  [jvm.dll+0x22774c]
V  [jvm.dll+0x7ec5d7]
V  [jvm.dll+0x7e69da]
V  [jvm.dll+0x67e715]
C  [ucrtbase.dll+0x21bb2]
C  [KERNEL32.DLL+0x17344]
C  [ntdll.dll+0x526b1]


---------------  P R O C E S S  ---------------

Threads class SMR info:
_java_thread_list=0x0000024e7d3827b0, length=40, elements={
0x0000024e7c34f670, 0x0000024e7c350400, 0x0000024e7c361d80, 0x0000024e7c362b10,
0x0000024e7c366500, 0x0000024e7c366dd0, 0x0000024e7c36bff0, 0x0000024e7c36fe00,
0x0000024e7c371720, 0x0000024e7c578c40, 0x0000024e7c726680, 0x0000024e7c728b70,
0x0000024e7dbbd630, 0x0000024e7dbbc1f0, 0x0000024e7dbbdb40, 0x0000024e7dbbe560,
0x0000024e7dbbea70, 0x0000024e7dbbcc10, 0x0000024e544444a0, 0x0000024e54443a80,
0x0000024e544453d0, 0x0000024e544449b0, 0x0000024e54443570, 0x0000024e54443f90,
0x0000024e54444ec0, 0x0000024e54446300, 0x0000024e544458e0, 0x0000024e54446d20,
0x0000024e54445df0, 0x0000024e54446810, 0x0000024e7dbbd120, 0x0000024e5667afd0,
0x0000024e5667a0a0, 0x0000024e56678240, 0x0000024e7dbbc700, 0x0000024e552874a0,
0x0000024e55286a80, 0x0000024e55281980, 0x0000024e55286f90, 0x0000024e55285130
}

Java Threads: ( => current thread )
  0x0000024e7c34f670 JavaThread "Reference Handler" daemon [_thread_blocked, id=17116, stack(0x000000b308b00000,0x000000b308c00000)]
  0x0000024e7c350400 JavaThread "Finalizer" daemon [_thread_blocked, id=14032, stack(0x000000b308c00000,0x000000b308d00000)]
  0x0000024e7c361d80 JavaThread "Signal Dispatcher" daemon [_thread_blocked, id=12780, stack(0x000000b308d00000,0x000000b308e00000)]
  0x0000024e7c362b10 JavaThread "Attach Listener" daemon [_thread_blocked, id=6388, stack(0x000000b308e00000,0x000000b308f00000)]
  0x0000024e7c366500 JavaThread "Service Thread" daemon [_thread_blocked, id=12100, stack(0x000000b308f00000,0x000000b309000000)]
  0x0000024e7c366dd0 JavaThread "Monitor Deflation Thread" daemon [_thread_blocked, id=16960, stack(0x000000b309000000,0x000000b309100000)]
=>0x0000024e7c36bff0 JavaThread "C2 CompilerThread0" daemon [_thread_in_native, id=16072, stack(0x000000b309100000,0x000000b309200000)]
  0x0000024e7c36fe00 JavaThread "C1 CompilerThread0" daemon [_thread_blocked, id=5980, stack(0x000000b309200000,0x000000b309300000)]
  0x0000024e7c371720 JavaThread "Sweeper thread" daemon [_thread_blocked, id=892, stack(0x000000b309300000,0x000000b309400000)]
  0x0000024e7c578c40 JavaThread "Common-Cleaner" daemon [_thread_blocked, id=19320, stack(0x000000b309400000,0x000000b309500000)]
  0x0000024e7c726680 JavaThread "Monitor Ctrl-Break" daemon [_thread_in_vm, id=19332, stack(0x000000b309600000,0x000000b309700000)]
  0x0000024e7c728b70 JavaThread "Notification Thread" daemon [_thread_blocked, id=6552, stack(0x000000b309700000,0x000000b309800000)]
  0x0000024e7dbbd630 JavaThread "Catalina-utility-1" [_thread_blocked, id=14356, stack(0x000000b30a400000,0x000000b30a500000)]
  0x0000024e7dbbc1f0 JavaThread "Catalina-utility-2" [_thread_blocked, id=6332, stack(0x000000b30a500000,0x000000b30a600000)]
  0x0000024e7dbbdb40 JavaThread "container-0" [_thread_blocked, id=18872, stack(0x000000b30a600000,0x000000b30a700000)]
  0x0000024e7dbbe560 JavaThread "mysql-cj-abandoned-connection-cleanup" daemon [_thread_blocked, id=14456, stack(0x000000b30a700000,0x000000b30a800000)]
  0x0000024e7dbbea70 JavaThread "HikariPool-1 housekeeper" daemon [_thread_blocked, id=18616, stack(0x000000b30a800000,0x000000b30a900000)]
  0x0000024e7dbbcc10 JavaThread "File Watcher" daemon [_thread_blocked, id=8596, stack(0x000000b30ab00000,0x000000b30ac00000)]
  0x0000024e544444a0 JavaThread "Live Reload Server" daemon [_thread_in_native, id=17572, stack(0x000000b30ad00000,0x000000b30ae00000)]
  0x0000024e54443a80 JavaThread "http-nio-8080-exec-1" daemon [_thread_blocked, id=14096, stack(0x000000b30ac00000,0x000000b30ad00000)]
  0x0000024e544453d0 JavaThread "http-nio-8080-exec-2" daemon [_thread_blocked, id=1784, stack(0x000000b30ae00000,0x000000b30af00000)]
  0x0000024e544449b0 JavaThread "http-nio-8080-exec-3" daemon [_thread_blocked, id=18376, stack(0x000000b30af00000,0x000000b30b000000)]
  0x0000024e54443570 JavaThread "http-nio-8080-exec-4" daemon [_thread_blocked, id=15848, stack(0x000000b30b000000,0x000000b30b100000)]
  0x0000024e54443f90 JavaThread "http-nio-8080-exec-5" daemon [_thread_blocked, id=18076, stack(0x000000b30b100000,0x000000b30b200000)]
  0x0000024e54444ec0 JavaThread "http-nio-8080-exec-6" daemon [_thread_blocked, id=12680, stack(0x000000b30b200000,0x000000b30b300000)]
  0x0000024e54446300 JavaThread "http-nio-8080-exec-7" daemon [_thread_blocked, id=6356, stack(0x000000b30b300000,0x000000b30b400000)]
  0x0000024e544458e0 JavaThread "http-nio-8080-exec-8" daemon [_thread_blocked, id=12572, stack(0x000000b30b400000,0x000000b30b500000)]
  0x0000024e54446d20 JavaThread "http-nio-8080-exec-9" daemon [_thread_blocked, id=6872, stack(0x000000b30b500000,0x000000b30b600000)]
  0x0000024e54445df0 JavaThread "http-nio-8080-exec-10" daemon [_thread_blocked, id=3900, stack(0x000000b30b600000,0x000000b30b700000)]
  0x0000024e54446810 JavaThread "http-nio-8080-Poller" daemon [_thread_in_native, id=13760, stack(0x000000b30b700000,0x000000b30b800000)]
  0x0000024e7dbbd120 JavaThread "http-nio-8080-Acceptor" daemon [_thread_in_native, id=7020, stack(0x000000b30b800000,0x000000b30b900000)]
  0x0000024e5667afd0 JavaThread "DestroyJavaVM" [_thread_blocked, id=19388, stack(0x000000b308400000,0x000000b308500000)]
  0x0000024e5667a0a0 JavaThread "http-nio-8080-exec-11" daemon [_thread_in_vm, id=5432, stack(0x000000b308100000,0x000000b308200000)]
  0x0000024e56678240 JavaThread "http-nio-8080-exec-12" daemon [_thread_in_vm, id=16344, stack(0x000000b308200000,0x000000b308300000)]
  0x0000024e7dbbc700 JavaThread "http-nio-8080-exec-13" daemon [_thread_blocked, id=17088, stack(0x000000b308300000,0x000000b308400000)]
  0x0000024e552874a0 JavaThread "http-nio-8080-exec-14" daemon [_thread_in_vm, id=14684, stack(0x000000b309900000,0x000000b309a00000)]
  0x0000024e55286a80 JavaThread "http-nio-8080-exec-15" daemon [_thread_blocked, id=17032, stack(0x000000b30a900000,0x000000b30aa00000)]
  0x0000024e55281980 JavaThread "http-nio-8080-exec-16" daemon [_thread_blocked, id=15420, stack(0x000000b30aa00000,0x000000b30ab00000)]
  0x0000024e55286f90 JavaThread "http-nio-8080-exec-17" daemon [_thread_blocked, id=15056, stack(0x000000b30b900000,0x000000b30ba00000)]
  0x0000024e55285130 JavaThread "http-nio-8080-exec-18" daemon [_thread_blocked, id=16884, stack(0x000000b30ba00000,0x000000b30bb00000)]

Other Threads:
  0x0000024e7c348b40 VMThread "VM Thread" [stack: 0x000000b308a00000,0x000000b308b00000] [id=12108]
  0x0000024e7c706010 WatcherThread [stack: 0x000000b309800000,0x000000b309900000] [id=15352]
  0x0000024e6d0a5a60 GCTaskThread "GC Thread#0" [stack: 0x000000b308500000,0x000000b308600000] [id=10164]
  0x0000024e7d06b280 GCTaskThread "GC Thread#1" [stack: 0x000000b309b00000,0x000000b309c00000] [id=17064]
  0x0000024e7d06c5c0 GCTaskThread "GC Thread#2" [stack: 0x000000b309c00000,0x000000b309d00000] [id=7408]
  0x0000024e7d06ad00 GCTaskThread "GC Thread#3" [stack: 0x000000b309d00000,0x000000b309e00000] [id=14136]
  0x0000024e7d06afc0 GCTaskThread "GC Thread#4" [stack: 0x000000b309e00000,0x000000b309f00000] [id=3188]
  0x0000024e7d06bac0 GCTaskThread "GC Thread#5" [stack: 0x000000b309f00000,0x000000b30a000000] [id=11584]
  0x0000024e7d06c040 GCTaskThread "GC Thread#6" [stack: 0x000000b30a200000,0x000000b30a300000] [id=16312]
  0x0000024e7d06bd80 GCTaskThread "GC Thread#7" [stack: 0x000000b30a300000,0x000000b30a400000] [id=14392]
  0x0000024e6d0b6400 ConcurrentGCThread "G1 Main Marker" [stack: 0x000000b308600000,0x000000b308700000] [id=8300]
  0x0000024e6d0b74d0 ConcurrentGCThread "G1 Conc#0" [stack: 0x000000b308700000,0x000000b308800000] [id=14960]
  0x0000024e7dc99e70 ConcurrentGCThread "G1 Conc#1" [stack: 0x000000b30a000000,0x000000b30a100000] [id=18476]
  0x0000024e6d0fec50 ConcurrentGCThread "G1 Refine#0" [stack: 0x000000b308800000,0x000000b308900000] [id=13124]
  0x0000024e5513a6a0 ConcurrentGCThread "G1 Refine#1" [stack: 0x000000b309500000,0x000000b309600000] [id=17788]
  0x0000024e7c202b20 ConcurrentGCThread "G1 Service" [stack: 0x000000b308900000,0x000000b308a00000] [id=10056]

Threads with active compile tasks:
C2 CompilerThread0   635974 12018   !   4       org.hibernate.query.spi.AbstractSelectionQuery::list (83 bytes)

VM state: not at safepoint (normal execution)

VM Mutex/Monitor currently owned by a thread: None

Heap address: 0x0000000082600000, size: 2010 MB, Compressed Oops mode: 32-bit

CDS archive(s) mapped at: [0x0000024e0f000000-0x0000024e0fbb0000-0x0000024e0fbb0000), size 12255232, SharedBaseAddress: 0x0000024e0f000000, ArchiveRelocationMode: 1.
Compressed class space mapped at: 0x0000024e10000000-0x0000024e50000000, reserved size: 1073741824
Narrow klass base: 0x0000024e0f000000, Narrow klass shift: 0, Narrow klass range: 0x100000000

GC Precious Log:
 CPUs: 8 total, 8 available
 Memory: 8039M
 Large Page Support: Disabled
 NUMA Support: Disabled
 Compressed Oops: Enabled (32-bit)
 Heap Region Size: 1M
 Heap Min Capacity: 8M
 Heap Initial Capacity: 126M
 Heap Max Capacity: 2010M
 Pre-touch: Disabled
 Parallel Workers: 8
 Concurrent Workers: 2
 Concurrent Refinement Workers: 8
 Periodic GC: Disabled

Heap:
 garbage-first heap   total 315392K, used 179328K [0x0000000082600000, 0x0000000100000000)
  region size 1024K, 149 young (152576K), 1 survivors (1024K)
 Metaspace       used 67812K, committed 68352K, reserved 1114112K
  class space    used 8759K, committed 9024K, reserved 1048576K

Heap Regions: E=young(eden), S=young(survivor), O=old, HS=humongous(starts), HC=humongous(continues), CS=collection set, F=free, OA=open archive, CA=closed archive, TAMS=top-at-mark-start (previous, next)
|   0|0x0000000082600000, 0x0000000082700000, 0x0000000082700000|100%|HS|  |TAMS 0x0000000082700000, 0x0000000082600000| Complete 
|   1|0x0000000082700000, 0x0000000082800000, 0x0000000082800000|100%| O|  |TAMS 0x0000000082800000, 0x0000000082700000| Untracked 
|   2|0x0000000082800000, 0x0000000082900000, 0x0000000082900000|100%| O|  |TAMS 0x0000000082900000, 0x0000000082800000| Untracked 
|   3|0x0000000082900000, 0x0000000082a00000, 0x0000000082a00000|100%| O|  |TAMS 0x0000000082a00000, 0x0000000082900000| Untracked 
|   4|0x0000000082a00000, 0x0000000082b00000, 0x0000000082b00000|100%| O|  |TAMS 0x0000000082b00000, 0x0000000082a00000| Untracked 
|   5|0x0000000082b00000, 0x0000000082c00000, 0x0000000082c00000|100%| O|  |TAMS 0x0000000082c00000, 0x0000000082b00000| Untracked 
|   6|0x0000000082c00000, 0x0000000082d00000, 0x0000000082d00000|100%| O|  |TAMS 0x0000000082d00000, 0x0000000082c00000| Untracked 
|   7|0x0000000082d00000, 0x0000000082e00000, 0x0000000082e00000|100%| O|  |TAMS 0x0000000082e00000, 0x0000000082d00000| Untracked 
|   8|0x0000000082e00000, 0x0000000082f00000, 0x0000000082f00000|100%| O|  |TAMS 0x0000000082f00000, 0x0000000082e00000| Untracked 
|   9|0x0000000082f00000, 0x0000000083000000, 0x0000000083000000|100%| O|  |TAMS 0x0000000083000000, 0x0000000082f00000| Untracked 
|  10|0x0000000083000000, 0x0000000083100000, 0x0000000083100000|100%| O|  |TAMS 0x0000000083100000, 0x0000000083000000| Untracked 
|  11|0x0000000083100000, 0x0000000083200000, 0x0000000083200000|100%| O|  |TAMS 0x0000000083200000, 0x0000000083100000| Untracked 
|  12|0x0000000083200000, 0x0000000083300000, 0x0000000083300000|100%| O|  |TAMS 0x0000000083300000, 0x0000000083200000| Untracked 
|  13|0x0000000083300000, 0x0000000083400000, 0x0000000083400000|100%| O|  |TAMS 0x0000000083400000, 0x0000000083300000| Untracked 
|  14|0x0000000083400000, 0x0000000083500000, 0x0000000083500000|100%| O|  |TAMS 0x0000000083500000, 0x0000000083400000| Untracked 
|  15|0x0000000083500000, 0x000000008359bc00, 0x0000000083600000| 60%| O|  |TAMS 0x0000000083500000, 0x0000000083500000| Untracked 
|  16|0x0000000083600000, 0x0000000083700000, 0x0000000083700000|100%| O|  |TAMS 0x0000000083700000, 0x0000000083600000| Untracked 
|  17|0x0000000083700000, 0x0000000083800000, 0x0000000083800000|100%| O|  |TAMS 0x0000000083800000, 0x0000000083700000| Untracked 
|  18|0x0000000083800000, 0x0000000083900000, 0x0000000083900000|100%| O|  |TAMS 0x0000000083900000, 0x0000000083800000| Untracked 
|  19|0x0000000083900000, 0x0000000083a00000, 0x0000000083a00000|100%| O|  |TAMS 0x0000000083a00000, 0x0000000083900000| Untracked 
|  20|0x0000000083a00000, 0x0000000083b00000, 0x0000000083b00000|100%| O|  |TAMS 0x0000000083a98e00, 0x0000000083a00000| Untracked 
|  21|0x0000000083b00000, 0x0000000083c00000, 0x0000000083c00000|100%| O|  |TAMS 0x0000000083b00000, 0x0000000083b00000| Untracked 
|  22|0x0000000083c00000, 0x0000000083d00000, 0x0000000083d00000|100%| O|  |TAMS 0x0000000083c00000, 0x0000000083c00000| Untracked 
|  23|0x0000000083d00000, 0x0000000083e00000, 0x0000000083e00000|100%| O|  |TAMS 0x0000000083d00000, 0x0000000083d00000| Untracked 
|  24|0x0000000083e00000, 0x0000000083f00000, 0x0000000083f00000|100%| O|  |TAMS 0x0000000083e00000, 0x0000000083e00000| Untracked 
|  25|0x0000000083f00000, 0x0000000084000000, 0x0000000084000000|100%| O|  |TAMS 0x0000000083f00000, 0x0000000083f00000| Untracked 
|  26|0x0000000084000000, 0x0000000084100000, 0x0000000084100000|100%| O|  |TAMS 0x0000000084000000, 0x0000000084000000| Untracked 
|  27|0x0000000084100000, 0x0000000084200000, 0x0000000084200000|100%| O|  |TAMS 0x0000000084100000, 0x0000000084100000| Untracked 
|  28|0x0000000084200000, 0x0000000084203e00, 0x0000000084300000|  1%| O|  |TAMS 0x0000000084200000, 0x0000000084200000| Untracked 
|  29|0x0000000084300000, 0x0000000084300000, 0x0000000084400000|  0%| F|  |TAMS 0x0000000084300000, 0x0000000084300000| Untracked 
|  30|0x0000000084400000, 0x0000000084400000, 0x0000000084500000|  0%| F|  |TAMS 0x0000000084400000, 0x0000000084400000| Untracked 
|  31|0x0000000084500000, 0x0000000084500000, 0x0000000084600000|  0%| F|  |TAMS 0x0000000084500000, 0x0000000084500000| Untracked 
|  32|0x0000000084600000, 0x0000000084600000, 0x0000000084700000|  0%| F|  |TAMS 0x0000000084600000, 0x0000000084600000| Untracked 
|  33|0x0000000084700000, 0x0000000084700000, 0x0000000084800000|  0%| F|  |TAMS 0x0000000084700000, 0x0000000084700000| Untracked 
|  34|0x0000000084800000, 0x0000000084800000, 0x0000000084900000|  0%| F|  |TAMS 0x0000000084800000, 0x0000000084800000| Untracked 
|  35|0x0000000084900000, 0x0000000084900000, 0x0000000084a00000|  0%| F|  |TAMS 0x0000000084900000, 0x0000000084900000| Untracked 
|  36|0x0000000084a00000, 0x0000000084a00000, 0x0000000084b00000|  0%| F|  |TAMS 0x0000000084a00000, 0x0000000084a00000| Untracked 
|  37|0x0000000084b00000, 0x0000000084b00000, 0x0000000084c00000|  0%| F|  |TAMS 0x0000000084b00000, 0x0000000084b00000| Untracked 
|  38|0x0000000084c00000, 0x0000000084c00000, 0x0000000084d00000|  0%| F|  |TAMS 0x0000000084c00000, 0x0000000084c00000| Untracked 
|  39|0x0000000084d00000, 0x0000000084d00000, 0x0000000084e00000|  0%| F|  |TAMS 0x0000000084d00000, 0x0000000084d00000| Untracked 
|  40|0x0000000084e00000, 0x0000000084e00000, 0x0000000084f00000|  0%| F|  |TAMS 0x0000000084e00000, 0x0000000084e00000| Untracked 
|  41|0x0000000084f00000, 0x0000000084f00000, 0x0000000085000000|  0%| F|  |TAMS 0x0000000084f00000, 0x0000000084f00000| Untracked 
|  42|0x0000000085000000, 0x0000000085000000, 0x0000000085100000|  0%| F|  |TAMS 0x0000000085000000, 0x0000000085000000| Untracked 
|  43|0x0000000085100000, 0x0000000085100000, 0x0000000085200000|  0%| F|  |TAMS 0x0000000085100000, 0x0000000085100000| Untracked 
|  44|0x0000000085200000, 0x0000000085200000, 0x0000000085300000|  0%| F|  |TAMS 0x0000000085200000, 0x0000000085200000| Untracked 
|  45|0x0000000085300000, 0x0000000085300000, 0x0000000085400000|  0%| F|  |TAMS 0x0000000085300000, 0x0000000085300000| Untracked 
|  46|0x0000000085400000, 0x0000000085400000, 0x0000000085500000|  0%| F|  |TAMS 0x0000000085400000, 0x0000000085400000| Untracked 
|  47|0x0000000085500000, 0x0000000085500000, 0x0000000085600000|  0%| F|  |TAMS 0x0000000085500000, 0x0000000085500000| Untracked 
|  48|0x0000000085600000, 0x0000000085600000, 0x0000000085700000|  0%| F|  |TAMS 0x0000000085600000, 0x0000000085600000| Untracked 
|  49|0x0000000085700000, 0x0000000085700000, 0x0000000085800000|  0%| F|  |TAMS 0x0000000085700000, 0x0000000085700000| Untracked 
|  50|0x0000000085800000, 0x0000000085800000, 0x0000000085900000|  0%| F|  |TAMS 0x0000000085800000, 0x0000000085800000| Untracked 
|  51|0x0000000085900000, 0x0000000085900000, 0x0000000085a00000|  0%| F|  |TAMS 0x0000000085900000, 0x0000000085900000| Untracked 
|  52|0x0000000085a00000, 0x0000000085a00000, 0x0000000085b00000|  0%| F|  |TAMS 0x0000000085a00000, 0x0000000085a00000| Untracked 
|  53|0x0000000085b00000, 0x0000000085b00000, 0x0000000085c00000|  0%| F|  |TAMS 0x0000000085b00000, 0x0000000085b00000| Untracked 
|  54|0x0000000085c00000, 0x0000000085c00000, 0x0000000085d00000|  0%| F|  |TAMS 0x0000000085c00000, 0x0000000085c00000| Untracked 
|  55|0x0000000085d00000, 0x0000000085d00000, 0x0000000085e00000|  0%| F|  |TAMS 0x0000000085d00000, 0x0000000085d00000| Untracked 
|  56|0x0000000085e00000, 0x0000000085e00000, 0x0000000085f00000|  0%| F|  |TAMS 0x0000000085e00000, 0x0000000085e00000| Untracked 
|  57|0x0000000085f00000, 0x0000000085f00000, 0x0000000086000000|  0%| F|  |TAMS 0x0000000085f00000, 0x0000000085f00000| Untracked 
|  58|0x0000000086000000, 0x0000000086000000, 0x0000000086100000|  0%| F|  |TAMS 0x0000000086000000, 0x0000000086000000| Untracked 
|  59|0x0000000086100000, 0x0000000086100000, 0x0000000086200000|  0%| F|  |TAMS 0x0000000086100000, 0x0000000086100000| Untracked 
|  60|0x0000000086200000, 0x0000000086200000, 0x0000000086300000|  0%| F|  |TAMS 0x0000000086200000, 0x0000000086200000| Untracked 
|  61|0x0000000086300000, 0x0000000086300000, 0x0000000086400000|  0%| F|  |TAMS 0x0000000086300000, 0x0000000086300000| Untracked 
|  62|0x0000000086400000, 0x0000000086400000, 0x0000000086500000|  0%| F|  |TAMS 0x0000000086400000, 0x0000000086400000| Untracked 
|  63|0x0000000086500000, 0x0000000086500000, 0x0000000086600000|  0%| F|  |TAMS 0x0000000086500000, 0x0000000086500000| Untracked 
|  64|0x0000000086600000, 0x0000000086600000, 0x0000000086700000|  0%| F|  |TAMS 0x0000000086600000, 0x0000000086600000| Untracked 
|  65|0x0000000086700000, 0x0000000086700000, 0x0000000086800000|  0%| F|  |TAMS 0x0000000086700000, 0x0000000086700000| Untracked 
|  66|0x0000000086800000, 0x0000000086800000, 0x0000000086900000|  0%| F|  |TAMS 0x0000000086800000, 0x0000000086800000| Untracked 
|  67|0x0000000086900000, 0x0000000086900000, 0x0000000086a00000|  0%| F|  |TAMS 0x0000000086900000, 0x0000000086900000| Untracked 
|  68|0x0000000086a00000, 0x0000000086a00000, 0x0000000086b00000|  0%| F|  |TAMS 0x0000000086a00000, 0x0000000086a00000| Untracked 
|  69|0x0000000086b00000, 0x0000000086b00000, 0x0000000086c00000|  0%| F|  |TAMS 0x0000000086b00000, 0x0000000086b00000| Untracked 
|  70|0x0000000086c00000, 0x0000000086c00000, 0x0000000086d00000|  0%| F|  |TAMS 0x0000000086c00000, 0x0000000086c00000| Untracked 
|  71|0x0000000086d00000, 0x0000000086d00000, 0x0000000086e00000|  0%| F|  |TAMS 0x0000000086d00000, 0x0000000086d00000| Untracked 
|  72|0x0000000086e00000, 0x0000000086e00000, 0x0000000086f00000|  0%| F|  |TAMS 0x0000000086e00000, 0x0000000086e00000| Untracked 
|  73|0x0000000086f00000, 0x0000000086f00000, 0x0000000087000000|  0%| F|  |TAMS 0x0000000086f00000, 0x0000000086f00000| Untracked 
|  74|0x0000000087000000, 0x0000000087000000, 0x0000000087100000|  0%| F|  |TAMS 0x0000000087000000, 0x0000000087000000| Untracked 
|  75|0x0000000087100000, 0x0000000087100000, 0x0000000087200000|  0%| F|  |TAMS 0x0000000087100000, 0x0000000087100000| Untracked 
|  76|0x0000000087200000, 0x0000000087200000, 0x0000000087300000|  0%| F|  |TAMS 0x0000000087200000, 0x0000000087200000| Untracked 
|  77|0x0000000087300000, 0x0000000087300000, 0x0000000087400000|  0%| F|  |TAMS 0x0000000087300000, 0x0000000087300000| Untracked 
|  78|0x0000000087400000, 0x0000000087400000, 0x0000000087500000|  0%| F|  |TAMS 0x0000000087400000, 0x0000000087400000| Untracked 
|  79|0x0000000087500000, 0x0000000087500000, 0x0000000087600000|  0%| F|  |TAMS 0x0000000087500000, 0x0000000087500000| Untracked 
|  80|0x0000000087600000, 0x0000000087600000, 0x0000000087700000|  0%| F|  |TAMS 0x0000000087600000, 0x0000000087600000| Untracked 
|  81|0x0000000087700000, 0x0000000087700000, 0x0000000087800000|  0%| F|  |TAMS 0x0000000087700000, 0x0000000087700000| Untracked 
|  82|0x0000000087800000, 0x0000000087800000, 0x0000000087900000|  0%| F|  |TAMS 0x0000000087800000, 0x0000000087800000| Untracked 
|  83|0x0000000087900000, 0x0000000087900000, 0x0000000087a00000|  0%| F|  |TAMS 0x0000000087900000, 0x0000000087900000| Untracked 
|  84|0x0000000087a00000, 0x0000000087a00000, 0x0000000087b00000|  0%| F|  |TAMS 0x0000000087a00000, 0x0000000087a00000| Untracked 
|  85|0x0000000087b00000, 0x0000000087b00000, 0x0000000087c00000|  0%| F|  |TAMS 0x0000000087b00000, 0x0000000087b00000| Untracked 
|  86|0x0000000087c00000, 0x0000000087c00000, 0x0000000087d00000|  0%| F|  |TAMS 0x0000000087c00000, 0x0000000087c00000| Untracked 
|  87|0x0000000087d00000, 0x0000000087d00000, 0x0000000087e00000|  0%| F|  |TAMS 0x0000000087d00000, 0x0000000087d00000| Untracked 
|  88|0x0000000087e00000, 0x0000000087e00000, 0x0000000087f00000|  0%| F|  |TAMS 0x0000000087e00000, 0x0000000087e00000| Untracked 
|  89|0x0000000087f00000, 0x0000000087f00000, 0x0000000088000000|  0%| F|  |TAMS 0x0000000087f00000, 0x0000000087f00000| Untracked 
|  90|0x0000000088000000, 0x0000000088000000, 0x0000000088100000|  0%| F|  |TAMS 0x0000000088000000, 0x0000000088000000| Untracked 
|  91|0x0000000088100000, 0x0000000088100000, 0x0000000088200000|  0%| F|  |TAMS 0x0000000088100000, 0x0000000088100000| Untracked 
|  92|0x0000000088200000, 0x0000000088200000, 0x0000000088300000|  0%| F|  |TAMS 0x0000000088200000, 0x0000000088200000| Untracked 
|  93|0x0000000088300000, 0x0000000088300000, 0x0000000088400000|  0%| F|  |TAMS 0x0000000088300000, 0x0000000088300000| Untracked 
|  94|0x0000000088400000, 0x0000000088400000, 0x0000000088500000|  0%| F|  |TAMS 0x0000000088400000, 0x0000000088400000| Untracked 
|  95|0x0000000088500000, 0x0000000088500000, 0x0000000088600000|  0%| F|  |TAMS 0x0000000088500000, 0x0000000088500000| Untracked 
|  96|0x0000000088600000, 0x0000000088600000, 0x0000000088700000|  0%| F|  |TAMS 0x0000000088600000, 0x0000000088600000| Untracked 
|  97|0x0000000088700000, 0x0000000088700000, 0x0000000088800000|  0%| F|  |TAMS 0x0000000088700000, 0x0000000088700000| Untracked 
|  98|0x0000000088800000, 0x0000000088800000, 0x0000000088900000|  0%| F|  |TAMS 0x0000000088800000, 0x0000000088800000| Untracked 
|  99|0x0000000088900000, 0x0000000088900000, 0x0000000088a00000|  0%| F|  |TAMS 0x0000000088900000, 0x0000000088900000| Untracked 
| 100|0x0000000088a00000, 0x0000000088a00000, 0x0000000088b00000|  0%| F|  |TAMS 0x0000000088a00000, 0x0000000088a00000| Untracked 
| 101|0x0000000088b00000, 0x0000000088b00000, 0x0000000088c00000|  0%| F|  |TAMS 0x0000000088b00000, 0x0000000088b00000| Untracked 
| 102|0x0000000088c00000, 0x0000000088c00000, 0x0000000088d00000|  0%| F|  |TAMS 0x0000000088c00000, 0x0000000088c00000| Untracked 
| 103|0x0000000088d00000, 0x0000000088d00000, 0x0000000088e00000|  0%| F|  |TAMS 0x0000000088d00000, 0x0000000088d00000| Untracked 
| 104|0x0000000088e00000, 0x0000000088e00000, 0x0000000088f00000|  0%| F|  |TAMS 0x0000000088e00000, 0x0000000088e00000| Untracked 
| 105|0x0000000088f00000, 0x0000000088f00000, 0x0000000089000000|  0%| F|  |TAMS 0x0000000088f00000, 0x0000000088f00000| Untracked 
| 106|0x0000000089000000, 0x0000000089000000, 0x0000000089100000|  0%| F|  |TAMS 0x0000000089000000, 0x0000000089000000| Untracked 
| 107|0x0000000089100000, 0x0000000089100000, 0x0000000089200000|  0%| F|  |TAMS 0x0000000089100000, 0x0000000089100000| Untracked 
| 108|0x0000000089200000, 0x0000000089200000, 0x0000000089300000|  0%| F|  |TAMS 0x0000000089200000, 0x0000000089200000| Untracked 
| 109|0x0000000089300000, 0x0000000089300000, 0x0000000089400000|  0%| F|  |TAMS 0x0000000089300000, 0x0000000089300000| Untracked 
| 110|0x0000000089400000, 0x0000000089400000, 0x0000000089500000|  0%| F|  |TAMS 0x0000000089400000, 0x0000000089400000| Untracked 
| 111|0x0000000089500000, 0x0000000089500000, 0x0000000089600000|  0%| F|  |TAMS 0x0000000089500000, 0x0000000089500000| Untracked 
| 112|0x0000000089600000, 0x0000000089600000, 0x0000000089700000|  0%| F|  |TAMS 0x0000000089600000, 0x0000000089600000| Untracked 
| 113|0x0000000089700000, 0x0000000089700000, 0x0000000089800000|  0%| F|  |TAMS 0x0000000089700000, 0x0000000089700000| Untracked 
| 114|0x0000000089800000, 0x0000000089800000, 0x0000000089900000|  0%| F|  |TAMS 0x0000000089800000, 0x0000000089800000| Untracked 
| 115|0x0000000089900000, 0x0000000089900000, 0x0000000089a00000|  0%| F|  |TAMS 0x0000000089900000, 0x0000000089900000| Untracked 
| 116|0x0000000089a00000, 0x0000000089a00000, 0x0000000089b00000|  0%| F|  |TAMS 0x0000000089a00000, 0x0000000089a00000| Untracked 
| 117|0x0000000089b00000, 0x0000000089b00000, 0x0000000089c00000|  0%| F|  |TAMS 0x0000000089b00000, 0x0000000089b00000| Untracked 
| 118|0x0000000089c00000, 0x0000000089c00000, 0x0000000089d00000|  0%| F|  |TAMS 0x0000000089c00000, 0x0000000089c00000| Untracked 
| 119|0x0000000089d00000, 0x0000000089d00000, 0x0000000089e00000|  0%| F|  |TAMS 0x0000000089d00000, 0x0000000089d00000| Untracked 
| 120|0x0000000089e00000, 0x0000000089e00000, 0x0000000089f00000|  0%| F|  |TAMS 0x0000000089e00000, 0x0000000089e00000| Untracked 
| 121|0x0000000089f00000, 0x0000000089f00000, 0x000000008a000000|  0%| F|  |TAMS 0x0000000089f00000, 0x0000000089f00000| Untracked 
| 122|0x000000008a000000, 0x000000008a000000, 0x000000008a100000|  0%| F|  |TAMS 0x000000008a000000, 0x000000008a000000| Untracked 
| 123|0x000000008a100000, 0x000000008a100000, 0x000000008a200000|  0%| F|  |TAMS 0x000000008a100000, 0x000000008a100000| Untracked 
| 124|0x000000008a200000, 0x000000008a2809f0, 0x000000008a300000| 50%| S|CS|TAMS 0x000000008a200000, 0x000000008a200000| Complete 
| 125|0x000000008a300000, 0x000000008a300000, 0x000000008a400000|  0%| F|  |TAMS 0x000000008a300000, 0x000000008a300000| Untracked 
| 126|0x000000008a400000, 0x000000008a400000, 0x000000008a500000|  0%| F|  |TAMS 0x000000008a400000, 0x000000008a400000| Untracked 
| 127|0x000000008a500000, 0x000000008a500000, 0x000000008a600000|  0%| F|  |TAMS 0x000000008a500000, 0x000000008a500000| Untracked 
| 128|0x000000008a600000, 0x000000008a600000, 0x000000008a700000|  0%| F|  |TAMS 0x000000008a600000, 0x000000008a600000| Untracked 
| 129|0x000000008a700000, 0x000000008a700000, 0x000000008a800000|  0%| F|  |TAMS 0x000000008a700000, 0x000000008a700000| Untracked 
| 130|0x000000008a800000, 0x000000008a800000, 0x000000008a900000|  0%| F|  |TAMS 0x000000008a800000, 0x000000008a800000| Untracked 
| 131|0x000000008a900000, 0x000000008a900000, 0x000000008aa00000|  0%| F|  |TAMS 0x000000008a900000, 0x000000008a900000| Untracked 
| 132|0x000000008aa00000, 0x000000008aa00000, 0x000000008ab00000|  0%| F|  |TAMS 0x000000008aa00000, 0x000000008aa00000| Untracked 
| 133|0x000000008ab00000, 0x000000008ab00000, 0x000000008ac00000|  0%| F|  |TAMS 0x000000008ab00000, 0x000000008ab00000| Untracked 
| 134|0x000000008ac00000, 0x000000008ac00000, 0x000000008ad00000|  0%| F|  |TAMS 0x000000008ac00000, 0x000000008ac00000| Untracked 
| 135|0x000000008ad00000, 0x000000008ad00000, 0x000000008ae00000|  0%| F|  |TAMS 0x000000008ad00000, 0x000000008ad00000| Untracked 
| 136|0x000000008ae00000, 0x000000008ae00000, 0x000000008af00000|  0%| F|  |TAMS 0x000000008ae00000, 0x000000008ae00000| Untracked 
| 137|0x000000008af00000, 0x000000008af00000, 0x000000008b000000|  0%| F|  |TAMS 0x000000008af00000, 0x000000008af00000| Untracked 
| 138|0x000000008b000000, 0x000000008b000000, 0x000000008b100000|  0%| F|  |TAMS 0x000000008b000000, 0x000000008b000000| Untracked 
| 139|0x000000008b100000, 0x000000008b100000, 0x000000008b200000|  0%| F|  |TAMS 0x000000008b100000, 0x000000008b100000| Untracked 
| 140|0x000000008b200000, 0x000000008b200000, 0x000000008b300000|  0%| F|  |TAMS 0x000000008b200000, 0x000000008b200000| Untracked 
| 141|0x000000008b300000, 0x000000008b300000, 0x000000008b400000|  0%| F|  |TAMS 0x000000008b300000, 0x000000008b300000| Untracked 
| 142|0x000000008b400000, 0x000000008b400000, 0x000000008b500000|  0%| F|  |TAMS 0x000000008b400000, 0x000000008b400000| Untracked 
| 143|0x000000008b500000, 0x000000008b500000, 0x000000008b600000|  0%| F|  |TAMS 0x000000008b500000, 0x000000008b500000| Untracked 
| 144|0x000000008b600000, 0x000000008b600000, 0x000000008b700000|  0%| F|  |TAMS 0x000000008b600000, 0x000000008b600000| Untracked 
| 145|0x000000008b700000, 0x000000008b700000, 0x000000008b800000|  0%| F|  |TAMS 0x000000008b700000, 0x000000008b700000| Untracked 
| 146|0x000000008b800000, 0x000000008b800000, 0x000000008b900000|  0%| F|  |TAMS 0x000000008b800000, 0x000000008b800000| Untracked 
| 147|0x000000008b900000, 0x000000008b900000, 0x000000008ba00000|  0%| F|  |TAMS 0x000000008b900000, 0x000000008b900000| Untracked 
| 148|0x000000008ba00000, 0x000000008ba00000, 0x000000008bb00000|  0%| F|  |TAMS 0x000000008ba00000, 0x000000008ba00000| Untracked 
| 149|0x000000008bb00000, 0x000000008bb00000, 0x000000008bc00000|  0%| F|  |TAMS 0x000000008bb00000, 0x000000008bb00000| Untracked 
| 150|0x000000008bc00000, 0x000000008bc00000, 0x000000008bd00000|  0%| F|  |TAMS 0x000000008bc00000, 0x000000008bc00000| Untracked 
| 151|0x000000008bd00000, 0x000000008bd00000, 0x000000008be00000|  0%| F|  |TAMS 0x000000008bd00000, 0x000000008bd00000| Untracked 
| 152|0x000000008be00000, 0x000000008be00000, 0x000000008bf00000|  0%| F|  |TAMS 0x000000008be00000, 0x000000008be00000| Untracked 
| 153|0x000000008bf00000, 0x000000008bf00000, 0x000000008c000000|  0%| F|  |TAMS 0x000000008bf00000, 0x000000008bf00000| Untracked 
| 154|0x000000008c000000, 0x000000008c000000, 0x000000008c100000|  0%| F|  |TAMS 0x000000008c000000, 0x000000008c000000| Untracked 
| 155|0x000000008c100000, 0x000000008c100000, 0x000000008c200000|  0%| F|  |TAMS 0x000000008c100000, 0x000000008c100000| Untracked 
| 156|0x000000008c200000, 0x000000008c200000, 0x000000008c300000|  0%| F|  |TAMS 0x000000008c200000, 0x000000008c200000| Untracked 
| 157|0x000000008c300000, 0x000000008c300000, 0x000000008c400000|  0%| F|  |TAMS 0x000000008c300000, 0x000000008c300000| Untracked 
| 158|0x000000008c400000, 0x000000008c400000, 0x000000008c500000|  0%| F|  |TAMS 0x000000008c400000, 0x000000008c400000| Untracked 
| 159|0x000000008c500000, 0x000000008c500000, 0x000000008c600000|  0%| F|  |TAMS 0x000000008c500000, 0x000000008c500000| Untracked 
| 160|0x000000008c600000, 0x000000008c6eb898, 0x000000008c700000| 92%| E|  |TAMS 0x000000008c600000, 0x000000008c600000| Complete 
| 161|0x000000008c700000, 0x000000008c800000, 0x000000008c800000|100%| E|CS|TAMS 0x000000008c700000, 0x000000008c700000| Complete 
| 162|0x000000008c800000, 0x000000008c900000, 0x000000008c900000|100%| E|CS|TAMS 0x000000008c800000, 0x000000008c800000| Complete 
| 163|0x000000008c900000, 0x000000008ca00000, 0x000000008ca00000|100%| E|CS|TAMS 0x000000008c900000, 0x000000008c900000| Complete 
| 164|0x000000008ca00000, 0x000000008cb00000, 0x000000008cb00000|100%| E|CS|TAMS 0x000000008ca00000, 0x000000008ca00000| Complete 
| 165|0x000000008cb00000, 0x000000008cc00000, 0x000000008cc00000|100%| E|CS|TAMS 0x000000008cb00000, 0x000000008cb00000| Complete 
| 166|0x000000008cc00000, 0x000000008cd00000, 0x000000008cd00000|100%| E|CS|TAMS 0x000000008cc00000, 0x000000008cc00000| Complete 
| 167|0x000000008cd00000, 0x000000008ce00000, 0x000000008ce00000|100%| E|CS|TAMS 0x000000008cd00000, 0x000000008cd00000| Complete 
| 168|0x000000008ce00000, 0x000000008cf00000, 0x000000008cf00000|100%| E|CS|TAMS 0x000000008ce00000, 0x000000008ce00000| Complete 
| 169|0x000000008cf00000, 0x000000008d000000, 0x000000008d000000|100%| E|CS|TAMS 0x000000008cf00000, 0x000000008cf00000| Complete 
| 170|0x000000008d000000, 0x000000008d100000, 0x000000008d100000|100%| E|CS|TAMS 0x000000008d000000, 0x000000008d000000| Complete 
| 171|0x000000008d100000, 0x000000008d200000, 0x000000008d200000|100%| E|CS|TAMS 0x000000008d100000, 0x000000008d100000| Complete 
| 172|0x000000008d200000, 0x000000008d300000, 0x000000008d300000|100%| E|CS|TAMS 0x000000008d200000, 0x000000008d200000| Complete 
| 173|0x000000008d300000, 0x000000008d400000, 0x000000008d400000|100%| E|CS|TAMS 0x000000008d300000, 0x000000008d300000| Complete 
| 174|0x000000008d400000, 0x000000008d500000, 0x000000008d500000|100%| E|CS|TAMS 0x000000008d400000, 0x000000008d400000| Complete 
| 175|0x000000008d500000, 0x000000008d600000, 0x000000008d600000|100%| E|CS|TAMS 0x000000008d500000, 0x000000008d500000| Complete 
| 176|0x000000008d600000, 0x000000008d700000, 0x000000008d700000|100%| E|CS|TAMS 0x000000008d600000, 0x000000008d600000| Complete 
| 177|0x000000008d700000, 0x000000008d800000, 0x000000008d800000|100%| E|CS|TAMS 0x000000008d700000, 0x000000008d700000| Complete 
| 178|0x000000008d800000, 0x000000008d900000, 0x000000008d900000|100%| E|CS|TAMS 0x000000008d800000, 0x000000008d800000| Complete 
| 179|0x000000008d900000, 0x000000008da00000, 0x000000008da00000|100%| E|CS|TAMS 0x000000008d900000, 0x000000008d900000| Complete 
| 180|0x000000008da00000, 0x000000008db00000, 0x000000008db00000|100%| E|CS|TAMS 0x000000008da00000, 0x000000008da00000| Complete 
| 181|0x000000008db00000, 0x000000008dc00000, 0x000000008dc00000|100%| E|CS|TAMS 0x000000008db00000, 0x000000008db00000| Complete 
| 182|0x000000008dc00000, 0x000000008dd00000, 0x000000008dd00000|100%| E|CS|TAMS 0x000000008dc00000, 0x000000008dc00000| Complete 
| 183|0x000000008dd00000, 0x000000008de00000, 0x000000008de00000|100%| E|CS|TAMS 0x000000008dd00000, 0x000000008dd00000| Complete 
| 184|0x000000008de00000, 0x000000008df00000, 0x000000008df00000|100%| E|CS|TAMS 0x000000008de00000, 0x000000008de00000| Complete 
| 185|0x000000008df00000, 0x000000008e000000, 0x000000008e000000|100%| E|CS|TAMS 0x000000008df00000, 0x000000008df00000| Complete 
| 186|0x000000008e000000, 0x000000008e100000, 0x000000008e100000|100%| E|CS|TAMS 0x000000008e000000, 0x000000008e000000| Complete 
| 187|0x000000008e100000, 0x000000008e200000, 0x000000008e200000|100%| E|CS|TAMS 0x000000008e100000, 0x000000008e100000| Complete 
| 188|0x000000008e200000, 0x000000008e300000, 0x000000008e300000|100%| E|CS|TAMS 0x000000008e200000, 0x000000008e200000| Complete 
| 189|0x000000008e300000, 0x000000008e400000, 0x000000008e400000|100%| E|CS|TAMS 0x000000008e300000, 0x000000008e300000| Complete 
| 190|0x000000008e400000, 0x000000008e500000, 0x000000008e500000|100%| E|CS|TAMS 0x000000008e400000, 0x000000008e400000| Complete 
| 191|0x000000008e500000, 0x000000008e600000, 0x000000008e600000|100%| E|CS|TAMS 0x000000008e500000, 0x000000008e500000| Complete 
| 192|0x000000008e600000, 0x000000008e700000, 0x000000008e700000|100%| E|CS|TAMS 0x000000008e600000, 0x000000008e600000| Complete 
| 193|0x000000008e700000, 0x000000008e800000, 0x000000008e800000|100%| E|CS|TAMS 0x000000008e700000, 0x000000008e700000| Complete 
| 194|0x000000008e800000, 0x000000008e900000, 0x000000008e900000|100%| E|CS|TAMS 0x000000008e800000, 0x000000008e800000| Complete 
| 195|0x000000008e900000, 0x000000008ea00000, 0x000000008ea00000|100%| E|CS|TAMS 0x000000008e900000, 0x000000008e900000| Complete 
| 196|0x000000008ea00000, 0x000000008eb00000, 0x000000008eb00000|100%| E|CS|TAMS 0x000000008ea00000, 0x000000008ea00000| Complete 
| 197|0x000000008eb00000, 0x000000008ec00000, 0x000000008ec00000|100%| E|CS|TAMS 0x000000008eb00000, 0x000000008eb00000| Complete 
| 198|0x000000008ec00000, 0x000000008ed00000, 0x000000008ed00000|100%| E|CS|TAMS 0x000000008ec00000, 0x000000008ec00000| Complete 
| 199|0x000000008ed00000, 0x000000008ee00000, 0x000000008ee00000|100%| E|CS|TAMS 0x000000008ed00000, 0x000000008ed00000| Complete 
| 200|0x000000008ee00000, 0x000000008ef00000, 0x000000008ef00000|100%| E|CS|TAMS 0x000000008ee00000, 0x000000008ee00000| Complete 
| 201|0x000000008ef00000, 0x000000008f000000, 0x000000008f000000|100%| E|CS|TAMS 0x000000008ef00000, 0x000000008ef00000| Complete 
| 202|0x000000008f000000, 0x000000008f100000, 0x000000008f100000|100%| E|CS|TAMS 0x000000008f000000, 0x000000008f000000| Complete 
| 203|0x000000008f100000, 0x000000008f200000, 0x000000008f200000|100%| E|CS|TAMS 0x000000008f100000, 0x000000008f100000| Complete 
| 204|0x000000008f200000, 0x000000008f300000, 0x000000008f300000|100%| E|CS|TAMS 0x000000008f200000, 0x000000008f200000| Complete 
| 205|0x000000008f300000, 0x000000008f400000, 0x000000008f400000|100%| E|CS|TAMS 0x000000008f300000, 0x000000008f300000| Complete 
| 206|0x000000008f400000, 0x000000008f500000, 0x000000008f500000|100%| E|CS|TAMS 0x000000008f400000, 0x000000008f400000| Complete 
| 207|0x000000008f500000, 0x000000008f600000, 0x000000008f600000|100%| E|CS|TAMS 0x000000008f500000, 0x000000008f500000| Complete 
| 208|0x000000008f600000, 0x000000008f700000, 0x000000008f700000|100%| E|CS|TAMS 0x000000008f600000, 0x000000008f600000| Complete 
| 209|0x000000008f700000, 0x000000008f800000, 0x000000008f800000|100%| E|CS|TAMS 0x000000008f700000, 0x000000008f700000| Complete 
| 210|0x000000008f800000, 0x000000008f900000, 0x000000008f900000|100%| E|CS|TAMS 0x000000008f800000, 0x000000008f800000| Complete 
| 211|0x000000008f900000, 0x000000008fa00000, 0x000000008fa00000|100%| E|CS|TAMS 0x000000008f900000, 0x000000008f900000| Complete 
| 212|0x000000008fa00000, 0x000000008fb00000, 0x000000008fb00000|100%| E|CS|TAMS 0x000000008fa00000, 0x000000008fa00000| Complete 
| 213|0x000000008fb00000, 0x000000008fc00000, 0x000000008fc00000|100%| E|CS|TAMS 0x000000008fb00000, 0x000000008fb00000| Complete 
| 214|0x000000008fc00000, 0x000000008fd00000, 0x000000008fd00000|100%| E|CS|TAMS 0x000000008fc00000, 0x000000008fc00000| Complete 
| 215|0x000000008fd00000, 0x000000008fe00000, 0x000000008fe00000|100%| E|CS|TAMS 0x000000008fd00000, 0x000000008fd00000| Complete 
| 216|0x000000008fe00000, 0x000000008ff00000, 0x000000008ff00000|100%| E|CS|TAMS 0x000000008fe00000, 0x000000008fe00000| Complete 
| 217|0x000000008ff00000, 0x0000000090000000, 0x0000000090000000|100%| E|CS|TAMS 0x000000008ff00000, 0x000000008ff00000| Complete 
| 218|0x0000000090000000, 0x0000000090100000, 0x0000000090100000|100%| E|CS|TAMS 0x0000000090000000, 0x0000000090000000| Complete 
| 219|0x0000000090100000, 0x0000000090200000, 0x0000000090200000|100%| E|CS|TAMS 0x0000000090100000, 0x0000000090100000| Complete 
| 220|0x0000000090200000, 0x0000000090300000, 0x0000000090300000|100%| E|CS|TAMS 0x0000000090200000, 0x0000000090200000| Complete 
| 221|0x0000000090300000, 0x0000000090400000, 0x0000000090400000|100%| E|CS|TAMS 0x0000000090300000, 0x0000000090300000| Complete 
| 222|0x0000000090400000, 0x0000000090500000, 0x0000000090500000|100%| E|CS|TAMS 0x0000000090400000, 0x0000000090400000| Complete 
| 223|0x0000000090500000, 0x0000000090600000, 0x0000000090600000|100%| E|CS|TAMS 0x0000000090500000, 0x0000000090500000| Complete 
| 224|0x0000000090600000, 0x0000000090700000, 0x0000000090700000|100%| E|CS|TAMS 0x0000000090600000, 0x0000000090600000| Complete 
| 225|0x0000000090700000, 0x0000000090800000, 0x0000000090800000|100%| E|CS|TAMS 0x0000000090700000, 0x0000000090700000| Complete 
| 226|0x0000000090800000, 0x0000000090900000, 0x0000000090900000|100%| E|CS|TAMS 0x0000000090800000, 0x0000000090800000| Complete 
| 227|0x0000000090900000, 0x0000000090a00000, 0x0000000090a00000|100%| E|CS|TAMS 0x0000000090900000, 0x0000000090900000| Complete 
| 228|0x0000000090a00000, 0x0000000090b00000, 0x0000000090b00000|100%| E|CS|TAMS 0x0000000090a00000, 0x0000000090a00000| Complete 
| 229|0x0000000090b00000, 0x0000000090c00000, 0x0000000090c00000|100%| E|CS|TAMS 0x0000000090b00000, 0x0000000090b00000| Complete 
| 230|0x0000000090c00000, 0x0000000090d00000, 0x0000000090d00000|100%| E|CS|TAMS 0x0000000090c00000, 0x0000000090c00000| Complete 
| 231|0x0000000090d00000, 0x0000000090e00000, 0x0000000090e00000|100%| E|CS|TAMS 0x0000000090d00000, 0x0000000090d00000| Complete 
| 232|0x0000000090e00000, 0x0000000090f00000, 0x0000000090f00000|100%| E|CS|TAMS 0x0000000090e00000, 0x0000000090e00000| Complete 
| 233|0x0000000090f00000, 0x0000000091000000, 0x0000000091000000|100%| E|CS|TAMS 0x0000000090f00000, 0x0000000090f00000| Complete 
| 234|0x0000000091000000, 0x0000000091100000, 0x0000000091100000|100%| E|CS|TAMS 0x0000000091000000, 0x0000000091000000| Complete 
| 235|0x0000000091100000, 0x0000000091200000, 0x0000000091200000|100%| E|CS|TAMS 0x0000000091100000, 0x0000000091100000| Complete 
| 236|0x0000000091200000, 0x0000000091300000, 0x0000000091300000|100%| E|CS|TAMS 0x0000000091200000, 0x0000000091200000| Complete 
| 237|0x0000000091300000, 0x0000000091400000, 0x0000000091400000|100%| E|CS|TAMS 0x0000000091300000, 0x0000000091300000| Complete 
| 238|0x0000000091400000, 0x0000000091500000, 0x0000000091500000|100%| E|CS|TAMS 0x0000000091400000, 0x0000000091400000| Complete 
| 239|0x0000000091500000, 0x0000000091600000, 0x0000000091600000|100%| E|CS|TAMS 0x0000000091500000, 0x0000000091500000| Complete 
| 240|0x0000000091600000, 0x0000000091700000, 0x0000000091700000|100%| E|CS|TAMS 0x0000000091600000, 0x0000000091600000| Complete 
| 241|0x0000000091700000, 0x0000000091800000, 0x0000000091800000|100%| E|CS|TAMS 0x0000000091700000, 0x0000000091700000| Complete 
| 242|0x0000000091800000, 0x0000000091900000, 0x0000000091900000|100%| E|CS|TAMS 0x0000000091800000, 0x0000000091800000| Complete 
| 243|0x0000000091900000, 0x0000000091a00000, 0x0000000091a00000|100%| E|CS|TAMS 0x0000000091900000, 0x0000000091900000| Complete 
| 244|0x0000000091a00000, 0x0000000091b00000, 0x0000000091b00000|100%| E|CS|TAMS 0x0000000091a00000, 0x0000000091a00000| Complete 
| 245|0x0000000091b00000, 0x0000000091c00000, 0x0000000091c00000|100%| E|CS|TAMS 0x0000000091b00000, 0x0000000091b00000| Complete 
| 246|0x0000000091c00000, 0x0000000091d00000, 0x0000000091d00000|100%| E|CS|TAMS 0x0000000091c00000, 0x0000000091c00000| Complete 
| 247|0x0000000091d00000, 0x0000000091e00000, 0x0000000091e00000|100%| E|CS|TAMS 0x0000000091d00000, 0x0000000091d00000| Complete 
| 248|0x0000000091e00000, 0x0000000091f00000, 0x0000000091f00000|100%| E|CS|TAMS 0x0000000091e00000, 0x0000000091e00000| Complete 
| 249|0x0000000091f00000, 0x0000000092000000, 0x0000000092000000|100%| E|CS|TAMS 0x0000000091f00000, 0x0000000091f00000| Complete 
| 250|0x0000000092000000, 0x0000000092100000, 0x0000000092100000|100%| E|CS|TAMS 0x0000000092000000, 0x0000000092000000| Complete 
| 251|0x0000000092100000, 0x0000000092200000, 0x0000000092200000|100%| E|CS|TAMS 0x0000000092100000, 0x0000000092100000| Complete 
| 252|0x0000000092200000, 0x0000000092300000, 0x0000000092300000|100%| E|CS|TAMS 0x0000000092200000, 0x0000000092200000| Complete 
| 253|0x0000000092300000, 0x0000000092400000, 0x0000000092400000|100%| E|CS|TAMS 0x0000000092300000, 0x0000000092300000| Complete 
| 254|0x0000000092400000, 0x0000000092500000, 0x0000000092500000|100%| E|CS|TAMS 0x0000000092400000, 0x0000000092400000| Complete 
| 255|0x0000000092500000, 0x0000000092600000, 0x0000000092600000|100%| E|CS|TAMS 0x0000000092500000, 0x0000000092500000| Complete 
| 256|0x0000000092600000, 0x0000000092700000, 0x0000000092700000|100%| E|CS|TAMS 0x0000000092600000, 0x0000000092600000| Complete 
| 257|0x0000000092700000, 0x0000000092800000, 0x0000000092800000|100%| E|CS|TAMS 0x0000000092700000, 0x0000000092700000| Complete 
| 258|0x0000000092800000, 0x0000000092900000, 0x0000000092900000|100%| E|CS|TAMS 0x0000000092800000, 0x0000000092800000| Complete 
| 259|0x0000000092900000, 0x0000000092a00000, 0x0000000092a00000|100%| E|CS|TAMS 0x0000000092900000, 0x0000000092900000| Complete 
| 260|0x0000000092a00000, 0x0000000092b00000, 0x0000000092b00000|100%| E|CS|TAMS 0x0000000092a00000, 0x0000000092a00000| Complete 
| 261|0x0000000092b00000, 0x0000000092c00000, 0x0000000092c00000|100%| E|CS|TAMS 0x0000000092b00000, 0x0000000092b00000| Complete 
| 262|0x0000000092c00000, 0x0000000092d00000, 0x0000000092d00000|100%| E|CS|TAMS 0x0000000092c00000, 0x0000000092c00000| Complete 
| 263|0x0000000092d00000, 0x0000000092e00000, 0x0000000092e00000|100%| E|CS|TAMS 0x0000000092d00000, 0x0000000092d00000| Complete 
| 264|0x0000000092e00000, 0x0000000092f00000, 0x0000000092f00000|100%| E|CS|TAMS 0x0000000092e00000, 0x0000000092e00000| Complete 
| 265|0x0000000092f00000, 0x0000000093000000, 0x0000000093000000|100%| E|CS|TAMS 0x0000000092f00000, 0x0000000092f00000| Complete 
| 266|0x0000000093000000, 0x0000000093100000, 0x0000000093100000|100%| E|CS|TAMS 0x0000000093000000, 0x0000000093000000| Complete 
| 267|0x0000000093100000, 0x0000000093200000, 0x0000000093200000|100%| E|CS|TAMS 0x0000000093100000, 0x0000000093100000| Complete 
| 268|0x0000000093200000, 0x0000000093300000, 0x0000000093300000|100%| E|CS|TAMS 0x0000000093200000, 0x0000000093200000| Complete 
| 269|0x0000000093300000, 0x0000000093400000, 0x0000000093400000|100%| E|CS|TAMS 0x0000000093300000, 0x0000000093300000| Complete 
| 270|0x0000000093400000, 0x0000000093500000, 0x0000000093500000|100%| E|CS|TAMS 0x0000000093400000, 0x0000000093400000| Complete 
| 271|0x0000000093500000, 0x0000000093600000, 0x0000000093600000|100%| E|CS|TAMS 0x0000000093500000, 0x0000000093500000| Complete 
| 272|0x0000000093600000, 0x0000000093700000, 0x0000000093700000|100%| E|CS|TAMS 0x0000000093600000, 0x0000000093600000| Complete 
| 273|0x0000000093700000, 0x0000000093800000, 0x0000000093800000|100%| E|CS|TAMS 0x0000000093700000, 0x0000000093700000| Complete 
| 274|0x0000000093800000, 0x0000000093900000, 0x0000000093900000|100%| E|CS|TAMS 0x0000000093800000, 0x0000000093800000| Complete 
| 275|0x0000000093900000, 0x0000000093a00000, 0x0000000093a00000|100%| E|CS|TAMS 0x0000000093900000, 0x0000000093900000| Complete 
| 276|0x0000000093a00000, 0x0000000093b00000, 0x0000000093b00000|100%| E|CS|TAMS 0x0000000093a00000, 0x0000000093a00000| Complete 
| 277|0x0000000093b00000, 0x0000000093c00000, 0x0000000093c00000|100%| E|CS|TAMS 0x0000000093b00000, 0x0000000093b00000| Complete 
| 278|0x0000000093c00000, 0x0000000093d00000, 0x0000000093d00000|100%| E|CS|TAMS 0x0000000093c00000, 0x0000000093c00000| Complete 
| 279|0x0000000093d00000, 0x0000000093e00000, 0x0000000093e00000|100%| E|CS|TAMS 0x0000000093d00000, 0x0000000093d00000| Complete 
| 280|0x0000000093e00000, 0x0000000093f00000, 0x0000000093f00000|100%| E|CS|TAMS 0x0000000093e00000, 0x0000000093e00000| Complete 
| 281|0x0000000093f00000, 0x0000000094000000, 0x0000000094000000|100%| E|CS|TAMS 0x0000000093f00000, 0x0000000093f00000| Complete 
| 282|0x0000000094000000, 0x0000000094100000, 0x0000000094100000|100%| E|CS|TAMS 0x0000000094000000, 0x0000000094000000| Complete 
| 283|0x0000000094100000, 0x0000000094200000, 0x0000000094200000|100%| E|CS|TAMS 0x0000000094100000, 0x0000000094100000| Complete 
| 284|0x0000000094200000, 0x0000000094300000, 0x0000000094300000|100%| E|CS|TAMS 0x0000000094200000, 0x0000000094200000| Complete 
| 285|0x0000000094300000, 0x0000000094400000, 0x0000000094400000|100%| E|CS|TAMS 0x0000000094300000, 0x0000000094300000| Complete 
| 286|0x0000000094400000, 0x0000000094500000, 0x0000000094500000|100%| E|CS|TAMS 0x0000000094400000, 0x0000000094400000| Complete 
| 287|0x0000000094500000, 0x0000000094600000, 0x0000000094600000|100%| E|CS|TAMS 0x0000000094500000, 0x0000000094500000| Complete 
| 288|0x0000000094600000, 0x0000000094700000, 0x0000000094700000|100%| E|CS|TAMS 0x0000000094600000, 0x0000000094600000| Complete 
| 289|0x0000000094700000, 0x0000000094800000, 0x0000000094800000|100%| E|CS|TAMS 0x0000000094700000, 0x0000000094700000| Complete 
| 290|0x0000000094800000, 0x0000000094900000, 0x0000000094900000|100%| E|CS|TAMS 0x0000000094800000, 0x0000000094800000| Complete 
| 291|0x0000000094900000, 0x0000000094a00000, 0x0000000094a00000|100%| E|CS|TAMS 0x0000000094900000, 0x0000000094900000| Complete 
| 292|0x0000000094a00000, 0x0000000094b00000, 0x0000000094b00000|100%| E|CS|TAMS 0x0000000094a00000, 0x0000000094a00000| Complete 
| 293|0x0000000094b00000, 0x0000000094c00000, 0x0000000094c00000|100%| E|CS|TAMS 0x0000000094b00000, 0x0000000094b00000| Complete 
| 294|0x0000000094c00000, 0x0000000094d00000, 0x0000000094d00000|100%| E|CS|TAMS 0x0000000094c00000, 0x0000000094c00000| Complete 
| 295|0x0000000094d00000, 0x0000000094e00000, 0x0000000094e00000|100%| E|CS|TAMS 0x0000000094d00000, 0x0000000094d00000| Complete 
| 296|0x0000000094e00000, 0x0000000094f00000, 0x0000000094f00000|100%| E|CS|TAMS 0x0000000094e00000, 0x0000000094e00000| Complete 
| 297|0x0000000094f00000, 0x0000000095000000, 0x0000000095000000|100%| E|CS|TAMS 0x0000000094f00000, 0x0000000094f00000| Complete 
| 298|0x0000000095000000, 0x0000000095100000, 0x0000000095100000|100%| E|CS|TAMS 0x0000000095000000, 0x0000000095000000| Complete 
| 299|0x0000000095100000, 0x0000000095200000, 0x0000000095200000|100%| E|CS|TAMS 0x0000000095100000, 0x0000000095100000| Complete 
| 300|0x0000000095200000, 0x0000000095300000, 0x0000000095300000|100%| E|CS|TAMS 0x0000000095200000, 0x0000000095200000| Complete 
| 301|0x0000000095300000, 0x0000000095400000, 0x0000000095400000|100%| E|CS|TAMS 0x0000000095300000, 0x0000000095300000| Complete 
| 302|0x0000000095400000, 0x0000000095500000, 0x0000000095500000|100%| E|CS|TAMS 0x0000000095400000, 0x0000000095400000| Complete 
| 303|0x0000000095500000, 0x0000000095600000, 0x0000000095600000|100%| E|CS|TAMS 0x0000000095500000, 0x0000000095500000| Complete 
| 304|0x0000000095600000, 0x0000000095700000, 0x0000000095700000|100%| E|CS|TAMS 0x0000000095600000, 0x0000000095600000| Complete 
| 305|0x0000000095700000, 0x0000000095800000, 0x0000000095800000|100%| E|CS|TAMS 0x0000000095700000, 0x0000000095700000| Complete 
| 306|0x0000000095800000, 0x0000000095900000, 0x0000000095900000|100%| E|CS|TAMS 0x0000000095800000, 0x0000000095800000| Complete 
| 307|0x0000000095900000, 0x0000000095a00000, 0x0000000095a00000|100%| E|CS|TAMS 0x0000000095900000, 0x0000000095900000| Complete 

Card table byte_map: [0x0000024e75280000,0x0000024e75670000] _byte_map_base: 0x0000024e74e6d000

Marking Bits (Prev, Next): (CMBitMap*) 0x0000024e6d0a5fd0, (CMBitMap*) 0x0000024e6d0a5f90
 Prev Bits: [0x0000024e779d0000, 0x0000024e79938000)
 Next Bits: [0x0000024e75a60000, 0x0000024e779c8000)

Polling page: 0x0000024e6aea0000

Metaspace:

Usage:
  Non-class:     57.67 MB used.
      Class:      8.55 MB used.
       Both:     66.22 MB used.

Virtual space:
  Non-class space:       64.00 MB reserved,      57.94 MB ( 91%) committed,  1 nodes.
      Class space:        1.00 GB reserved,       8.81 MB ( <1%) committed,  1 nodes.
             Both:        1.06 GB reserved,      66.75 MB (  6%) committed. 

Chunk freelists:
   Non-Class:  6.06 MB
       Class:  7.01 MB
        Both:  13.07 MB

MaxMetaspaceSize: unlimited
CompressedClassSpaceSize: 1.00 GB
Initial GC threshold: 21.00 MB
Current GC threshold: 98.44 MB
CDS: on
MetaspaceReclaimPolicy: balanced
 - commit_granule_bytes: 65536.
 - commit_granule_words: 8192.
 - virtual_space_node_default_size: 8388608.
 - enlarge_chunks_in_place: 1.
 - new_chunks_are_fully_committed: 0.
 - uncommit_free_chunks: 1.
 - use_allocation_guard: 0.
 - handle_deallocations: 1.


Internal statistics:

num_allocs_failed_limit: 9.
num_arena_births: 858.
num_arena_deaths: 0.
num_vsnodes_births: 2.
num_vsnodes_deaths: 0.
num_space_committed: 1068.
num_space_uncommitted: 0.
num_chunks_returned_to_freelist: 9.
num_chunks_taken_from_freelist: 3365.
num_chunk_merges: 9.
num_chunk_splits: 2428.
num_chunks_enlarged: 1889.
num_inconsistent_stats: 0.

CodeHeap 'non-profiled nmethods': size=120000Kb used=10458Kb max_used=10458Kb free=109541Kb
 bounds [0x0000024e07ad0000, 0x0000024e08510000, 0x0000024e0f000000]
CodeHeap 'profiled nmethods': size=120000Kb used=17283Kb max_used=19802Kb free=102716Kb
 bounds [0x0000024e00000000, 0x0000024e01360000, 0x0000024e07530000]
CodeHeap 'non-nmethods': size=5760Kb used=1343Kb max_used=1453Kb free=4416Kb
 bounds [0x0000024e07530000, 0x0000024e077a0000, 0x0000024e07ad0000]
 total_blobs=10367 nmethods=9688 adapters=590
 compilation: enabled
              stopped_count=0, restarted_count=0
 full_count=0

Compilation events (20 events):
Event: 544.540 Thread 0x0000024e7c36bff0 nmethod 12005 0x0000024e084e3610 code [0x0000024e084e3780, 0x0000024e084e3db8]
Event: 544.638 Thread 0x0000024e7c36bff0 12006       4       org.hibernate.internal.SessionImpl$$Lambda$1476/0x0000024e108bdb80::accept (14 bytes)
Event: 544.643 Thread 0x0000024e7c36bff0 nmethod 12006 0x0000024e084e3e10 code [0x0000024e084e3fc0, 0x0000024e084e4378]
Event: 544.741 Thread 0x0000024e7c36bff0 12007   !   4       org.hibernate.sql.ast.spi.AbstractSqlAstTranslator::renderOrderBy (123 bytes)
Event: 544.742 Thread 0x0000024e7c36bff0 nmethod 12007 0x0000024e084e4910 code [0x0000024e084e4a80, 0x0000024e084e4b18]
Event: 545.163 Thread 0x0000024e7c36bff0 12008       4       org.springframework.web.servlet.mvc.method.AbstractHandlerMethodAdapter::handle (11 bytes)
Event: 545.243 Thread 0x0000024e7c36fe00 12009       3       sun.nio.ch.SocketChannelImpl::isNetSocket (26 bytes)
Event: 545.244 Thread 0x0000024e7c36fe00 nmethod 12009 0x0000024e00133910 code [0x0000024e00133aa0, 0x0000024e00133c58]
Event: 545.986 Thread 0x0000024e7c36bff0 nmethod 12008 0x0000024e084e4c10 code [0x0000024e084e5180, 0x0000024e084eb9b0]
Event: 547.280 Thread 0x0000024e7c36bff0 12010       4       org.springframework.web.method.annotation.SessionAttributesHandler::hasSessionAttributes (30 bytes)
Event: 547.282 Thread 0x0000024e7c36bff0 nmethod 12010 0x0000024e084ef710 code [0x0000024e084ef8a0, 0x0000024e084ef9f8]
Event: 548.060 Thread 0x0000024e7c36bff0 12011       4       java.util.HashSet::spliterator (16 bytes)
Event: 548.061 Thread 0x0000024e7c36bff0 nmethod 12011 0x0000024e084efb90 code [0x0000024e084efd20, 0x0000024e084efe18]
Event: 548.161 Thread 0x0000024e7c36bff0 12012       4       org.springframework.http.CacheControl::<init> (45 bytes)
Event: 548.162 Thread 0x0000024e7c36bff0 nmethod 12012 0x0000024e084eff10 code [0x0000024e084f0080, 0x0000024e084f0118]
Event: 548.191 Thread 0x0000024e7c36bff0 12013   !   4       jdk.internal.reflect.GeneratedMethodAccessor27::invoke (61 bytes)
Event: 548.674 Thread 0x0000024e7c36bff0 nmethod 12013 0x0000024e084f0210 code [0x0000024e084f07a0, 0x0000024e084f4810]
Event: 548.675 Thread 0x0000024e7c36bff0 12018   !   4       org.hibernate.query.spi.AbstractSelectionQuery::list (83 bytes)
Event: 548.769 Thread 0x0000024e7c36fe00 12019   !   2       jdk.internal.reflect.GeneratedMethodAccessor27::invoke (61 bytes)
Event: 548.770 Thread 0x0000024e7c36fe00 nmethod 12019 0x0000024e00229790 code [0x0000024e002299c0, 0x0000024e00229f88]

GC Heap History (20 events):
Event: 387.907 GC heap before
{Heap before GC invocations=41 (full 0):
 garbage-first heap   total 157696K, used 121449K [0x0000000082600000, 0x0000000100000000)
  region size 1024K, 92 young (94208K), 1 survivors (1024K)
 Metaspace       used 67662K, committed 68224K, reserved 1114112K
  class space    used 8738K, committed 9024K, reserved 1048576K
}
Event: 387.910 GC heap after
{Heap after GC invocations=42 (full 0):
 garbage-first heap   total 315392K, used 28296K [0x0000000082600000, 0x0000000100000000)
  region size 1024K, 1 young (1024K), 1 survivors (1024K)
 Metaspace       used 67662K, committed 68224K, reserved 1114112K
  class space    used 8738K, committed 9024K, reserved 1048576K
}
Event: 396.036 GC heap before
{Heap before GC invocations=42 (full 0):
 garbage-first heap   total 315392K, used 215688K [0x0000000082600000, 0x0000000100000000)
  region size 1024K, 184 young (188416K), 1 survivors (1024K)
 Metaspace       used 67662K, committed 68224K, reserved 1114112K
  class space    used 8738K, committed 9024K, reserved 1048576K
}
Event: 396.074 GC heap after
{Heap after GC invocations=43 (full 0):
 garbage-first heap   total 315392K, used 28337K [0x0000000082600000, 0x0000000100000000)
  region size 1024K, 1 young (1024K), 1 survivors (1024K)
 Metaspace       used 67662K, committed 68224K, reserved 1114112K
  class space    used 8738K, committed 9024K, reserved 1048576K
}
Event: 404.884 GC heap before
{Heap before GC invocations=43 (full 0):
 garbage-first heap   total 315392K, used 215729K [0x0000000082600000, 0x0000000100000000)
  region size 1024K, 184 young (188416K), 1 survivors (1024K)
 Metaspace       used 67662K, committed 68224K, reserved 1114112K
  class space    used 8738K, committed 9024K, reserved 1048576K
}
Event: 404.885 GC heap after
{Heap after GC invocations=44 (full 0):
 garbage-first heap   total 315392K, used 28350K [0x0000000082600000, 0x0000000100000000)
  region size 1024K, 1 young (1024K), 1 survivors (1024K)
 Metaspace       used 67662K, committed 68224K, reserved 1114112K
  class space    used 8738K, committed 9024K, reserved 1048576K
}
Event: 415.099 GC heap before
{Heap before GC invocations=44 (full 0):
 garbage-first heap   total 315392K, used 215742K [0x0000000082600000, 0x0000000100000000)
  region size 1024K, 184 young (188416K), 1 survivors (1024K)
 Metaspace       used 67666K, committed 68224K, reserved 1114112K
  class space    used 8738K, committed 9024K, reserved 1048576K
}
Event: 415.198 GC heap after
{Heap after GC invocations=45 (full 0):
 garbage-first heap   total 315392K, used 28309K [0x0000000082600000, 0x0000000100000000)
  region size 1024K, 1 young (1024K), 1 survivors (1024K)
 Metaspace       used 67666K, committed 68224K, reserved 1114112K
  class space    used 8738K, committed 9024K, reserved 1048576K
}
Event: 425.573 GC heap before
{Heap before GC invocations=45 (full 0):
 garbage-first heap   total 315392K, used 215701K [0x0000000082600000, 0x0000000100000000)
  region size 1024K, 184 young (188416K), 1 survivors (1024K)
 Metaspace       used 67672K, committed 68224K, reserved 1114112K
  class space    used 8738K, committed 9024K, reserved 1048576K
}
Event: 425.575 GC heap after
{Heap after GC invocations=46 (full 0):
 garbage-first heap   total 315392K, used 28344K [0x0000000082600000, 0x0000000100000000)
  region size 1024K, 1 young (1024K), 1 survivors (1024K)
 Metaspace       used 67672K, committed 68224K, reserved 1114112K
  class space    used 8738K, committed 9024K, reserved 1048576K
}
Event: 433.147 GC heap before
{Heap before GC invocations=46 (full 0):
 garbage-first heap   total 315392K, used 215736K [0x0000000082600000, 0x0000000100000000)
  region size 1024K, 184 young (188416K), 1 survivors (1024K)
 Metaspace       used 67678K, committed 68224K, reserved 1114112K
  class space    used 8738K, committed 9024K, reserved 1048576K
}
Event: 433.169 GC heap after
{Heap after GC invocations=47 (full 0):
 garbage-first heap   total 315392K, used 28760K [0x0000000082600000, 0x0000000100000000)
  region size 1024K, 1 young (1024K), 1 survivors (1024K)
 Metaspace       used 67678K, committed 68224K, reserved 1114112K
  class space    used 8738K, committed 9024K, reserved 1048576K
}
Event: 439.657 GC heap before
{Heap before GC invocations=47 (full 0):
 garbage-first heap   total 315392K, used 216152K [0x0000000082600000, 0x0000000100000000)
  region size 1024K, 184 young (188416K), 1 survivors (1024K)
 Metaspace       used 67689K, committed 68288K, reserved 1114112K
  class space    used 8738K, committed 9024K, reserved 1048576K
}
Event: 439.658 GC heap after
{Heap after GC invocations=48 (full 0):
 garbage-first heap   total 315392K, used 28445K [0x0000000082600000, 0x0000000100000000)
  region size 1024K, 1 young (1024K), 1 survivors (1024K)
 Metaspace       used 67689K, committed 68288K, reserved 1114112K
  class space    used 8738K, committed 9024K, reserved 1048576K
}
Event: 537.307 GC heap before
{Heap before GC invocations=48 (full 0):
 garbage-first heap   total 315392K, used 215837K [0x0000000082600000, 0x0000000100000000)
  region size 1024K, 184 young (188416K), 1 survivors (1024K)
 Metaspace       used 67693K, committed 68288K, reserved 1114112K
  class space    used 8738K, committed 9024K, reserved 1048576K
}
Event: 537.381 GC heap after
{Heap after GC invocations=49 (full 0):
 garbage-first heap   total 315392K, used 28778K [0x0000000082600000, 0x0000000100000000)
  region size 1024K, 1 young (1024K), 1 survivors (1024K)
 Metaspace       used 67693K, committed 68288K, reserved 1114112K
  class space    used 8738K, committed 9024K, reserved 1048576K
}
Event: 544.744 GC heap before
{Heap before GC invocations=49 (full 0):
 garbage-first heap   total 315392K, used 216170K [0x0000000082600000, 0x0000000100000000)
  region size 1024K, 184 young (188416K), 1 survivors (1024K)
 Metaspace       used 67694K, committed 68288K, reserved 1114112K
  class space    used 8738K, committed 9024K, reserved 1048576K
}
Event: 544.745 GC heap after
{Heap after GC invocations=50 (full 0):
 garbage-first heap   total 315392K, used 28905K [0x0000000082600000, 0x0000000100000000)
  region size 1024K, 1 young (1024K), 1 survivors (1024K)
 Metaspace       used 67694K, committed 68288K, reserved 1114112K
  class space    used 8738K, committed 9024K, reserved 1048576K
}
Event: 548.556 GC heap before
{Heap before GC invocations=50 (full 0):
 garbage-first heap   total 315392K, used 216297K [0x0000000082600000, 0x0000000100000000)
  region size 1024K, 184 young (188416K), 1 survivors (1024K)
 Metaspace       used 67694K, committed 68288K, reserved 1114112K
  class space    used 8738K, committed 9024K, reserved 1048576K
}
Event: 548.558 GC heap after
{Heap after GC invocations=51 (full 0):
 garbage-first heap   total 315392K, used 28800K [0x0000000082600000, 0x0000000100000000)
  region size 1024K, 1 young (1024K), 1 survivors (1024K)
 Metaspace       used 67694K, committed 68288K, reserved 1114112K
  class space    used 8738K, committed 9024K, reserved 1048576K
}

Dll operation events (14 events):
Event: 0.007 Loaded shared library C:\Program Files\Microsoft\jdk-17.0.10.7-hotspot\bin\java.dll
Event: 0.027 Loaded shared library C:\Program Files\Microsoft\jdk-17.0.10.7-hotspot\bin\jsvml.dll
Event: 0.090 Loaded shared library C:\Program Files\Microsoft\jdk-17.0.10.7-hotspot\bin\zip.dll
Event: 0.092 Loaded shared library C:\Program Files\Microsoft\jdk-17.0.10.7-hotspot\bin\instrument.dll
Event: 0.096 Loaded shared library C:\Program Files\Microsoft\jdk-17.0.10.7-hotspot\bin\net.dll
Event: 0.097 Loaded shared library C:\Program Files\Microsoft\jdk-17.0.10.7-hotspot\bin\nio.dll
Event: 0.110 Loaded shared library C:\Program Files\Microsoft\jdk-17.0.10.7-hotspot\bin\zip.dll
Event: 0.180 Loaded shared library C:\Program Files\JetBrains\IntelliJ IDEA Community Edition 2023.3.4\bin\breakgen64.dll
Event: 0.189 Loaded shared library C:\Program Files\Microsoft\jdk-17.0.10.7-hotspot\bin\extnet.dll
Event: 0.210 Loaded shared library C:\Program Files\Microsoft\jdk-17.0.10.7-hotspot\bin\jimage.dll
Event: 0.460 Loaded shared library C:\Program Files\Microsoft\jdk-17.0.10.7-hotspot\bin\management.dll
Event: 0.463 Loaded shared library C:\Program Files\Microsoft\jdk-17.0.10.7-hotspot\bin\management_ext.dll
Event: 1.179 Loaded shared library C:\Program Files\Microsoft\jdk-17.0.10.7-hotspot\bin\sunmscapi.dll
Event: 3.090 Loaded shared library C:\Program Files\Microsoft\jdk-17.0.10.7-hotspot\bin\verify.dll

Deoptimization events (20 events):
Event: 544.408 Thread 0x0000024e54445df0 Uncommon trap: trap_request=0xffffffbe fr.pc=0x0000024e084da034 relative=0x00000000000066b4
Event: 544.408 Thread 0x0000024e54445df0 Uncommon trap: reason=profile_predicate action=maybe_recompile pc=0x0000024e084da034 method=java.util.concurrent.ConcurrentHashMap$Traverser.advance()Ljava/util/concurrent/ConcurrentHashMap$Node; @ 15 c2
Event: 544.408 Thread 0x0000024e54445df0 DEOPT PACKING pc=0x0000024e084da034 sp=0x000000b30b6fd930
Event: 544.408 Thread 0x0000024e54445df0 DEOPT UNPACKING pc=0x0000024e075869a3 sp=0x000000b30b6fd4a0 mode 2
Event: 544.409 Thread 0x0000024e54444ec0 Uncommon trap: trap_request=0xffffffbe fr.pc=0x0000024e084da034 relative=0x00000000000066b4
Event: 544.409 Thread 0x0000024e54444ec0 Uncommon trap: reason=profile_predicate action=maybe_recompile pc=0x0000024e084da034 method=java.util.concurrent.ConcurrentHashMap$Traverser.advance()Ljava/util/concurrent/ConcurrentHashMap$Node; @ 15 c2
Event: 544.409 Thread 0x0000024e54444ec0 DEOPT PACKING pc=0x0000024e084da034 sp=0x000000b30b2fda40
Event: 544.409 Thread 0x0000024e54446d20 Uncommon trap: trap_request=0xffffffbe fr.pc=0x0000024e084da034 relative=0x00000000000066b4
Event: 544.409 Thread 0x0000024e54444ec0 DEOPT UNPACKING pc=0x0000024e075869a3 sp=0x000000b30b2fd5b0 mode 2
Event: 544.409 Thread 0x0000024e54446d20 Uncommon trap: reason=profile_predicate action=maybe_recompile pc=0x0000024e084da034 method=java.util.concurrent.ConcurrentHashMap$Traverser.advance()Ljava/util/concurrent/ConcurrentHashMap$Node; @ 15 c2
Event: 544.409 Thread 0x0000024e54446d20 DEOPT PACKING pc=0x0000024e084da034 sp=0x000000b30b5fd560
Event: 544.409 Thread 0x0000024e54446d20 DEOPT UNPACKING pc=0x0000024e075869a3 sp=0x000000b30b5fd0d0 mode 2
Event: 548.676 Thread 0x0000024e54443f90 Uncommon trap: trap_request=0xffffff6e fr.pc=0x0000024e084f25e4 relative=0x0000000000001e44
Event: 548.676 Thread 0x0000024e54443570 Uncommon trap: trap_request=0xffffff6e fr.pc=0x0000024e084f25e4 relative=0x0000000000001e44
Event: 548.676 Thread 0x0000024e54443f90 Uncommon trap: reason=loop_limit_check action=maybe_recompile pc=0x0000024e084f25e4 method=org.hibernate.query.sqm.tree.select.SqmQuerySpec.producesUniqueResults()Z @ 112 c2
Event: 548.676 Thread 0x0000024e54443570 Uncommon trap: reason=loop_limit_check action=maybe_recompile pc=0x0000024e084f25e4 method=org.hibernate.query.sqm.tree.select.SqmQuerySpec.producesUniqueResults()Z @ 112 c2
Event: 548.676 Thread 0x0000024e54443f90 DEOPT PACKING pc=0x0000024e084f25e4 sp=0x000000b30b1fca40
Event: 548.676 Thread 0x0000024e54443570 DEOPT PACKING pc=0x0000024e084f25e4 sp=0x000000b30b0fc440
Event: 548.676 Thread 0x0000024e54443570 DEOPT UNPACKING pc=0x0000024e075869a3 sp=0x000000b30b0fbed8 mode 2
Event: 548.676 Thread 0x0000024e54443f90 DEOPT UNPACKING pc=0x0000024e075869a3 sp=0x000000b30b1fc4d8 mode 2

Classes unloaded (0 events):
No events

Classes redefined (0 events):
No events

Internal exceptions (20 events):
Event: 6.206 Thread 0x0000024e7d259520 Exception <a 'sun/nio/fs/WindowsException'{0x00000000880c8ff0}> (0x00000000880c8ff0) 
thrown [s\src\hotspot\share\prims\jni.cpp, line 516]
Event: 6.243 Thread 0x0000024e7d259520 Exception <a 'java/lang/IncompatibleClassChangeError'{0x0000000087c2cc38}: Found class java.lang.Object, but interface was expected> (0x0000000087c2cc38) 
thrown [s\src\hotspot\share\interpreter\linkResolver.cpp, line 826]
Event: 6.275 Thread 0x0000024e7d259520 Exception <a 'java/lang/NoSuchMethodError'{0x0000000087bd6db8}: 'void java.lang.invoke.DirectMethodHandle$Holder.invokeVirtual(java.lang.Object, java.lang.Object, long)'> (0x0000000087bd6db8) 
thrown [s\src\hotspot\share\interpreter\linkResolver.cpp, line 759]
Event: 6.324 Thread 0x0000024e7d259520 Exception <a 'java/lang/NoSuchMethodError'{0x000000008771e990}: 'int java.lang.invoke.DirectMethodHandle$Holder.invokeStaticInit(java.lang.Object, java.lang.Object, java.lang.Object, java.lang.Object)'> (0x000000008771e990) 
thrown [s\src\hotspot\share\interpreter\linkResolver.cpp, line 759]
Event: 6.340 Thread 0x0000024e7d259520 Exception <a 'java/lang/IncompatibleClassChangeError'{0x00000000877e1b98}: Found class java.lang.Object, but interface was expected> (0x00000000877e1b98) 
thrown [s\src\hotspot\share\interpreter\linkResolver.cpp, line 826]
Event: 6.349 Thread 0x0000024e7d259520 Implicit null exception at 0x0000024e07c2b1e0 to 0x0000024e07c2b42c
Event: 6.421 Thread 0x0000024e7d259520 Exception <a 'java/lang/NoSuchMethodError'{0x0000000087133cd0}: 'java.lang.Object java.lang.invoke.DirectMethodHandle$Holder.newInvokeSpecial(java.lang.Object, java.lang.Object, int, java.lang.Object, java.lang.Object)'> (0x0000000087133cd0) 
thrown [s\src\hotspot\share\interpreter\linkResolver.cpp, line 759]
Event: 6.422 Thread 0x0000024e7d259520 Exception <a 'java/lang/NoSuchMethodError'{0x000000008713ef68}: 'java.lang.Object java.lang.invoke.DirectMethodHandle$Holder.invokeSpecial(java.lang.Object, java.lang.Object, int, java.lang.Object, int, java.lang.Object)'> (0x000000008713ef68) 
thrown [s\src\hotspot\share\interpreter\linkResolver.cpp, line 759]
Event: 6.422 Thread 0x0000024e7d259520 Exception <a 'java/lang/NoSuchMethodError'{0x0000000087146f88}: 'java.lang.Object java.lang.invoke.DirectMethodHandle$Holder.newInvokeSpecial(java.lang.Object, java.lang.Object, int, java.lang.Object, int)'> (0x0000000087146f88) 
thrown [s\src\hotspot\share\interpreter\linkResolver.cpp, line 759]
Event: 6.422 Thread 0x0000024e7d259520 Exception <a 'java/lang/NoSuchMethodError'{0x000000008714b088}: 'java.lang.Object java.lang.invoke.DirectMethodHandle$Holder.invokeSpecial(java.lang.Object, java.lang.Object, java.lang.Object, int, java.lang.Object, int)'> (0x000000008714b088) 
thrown [s\src\hotspot\share\interpreter\linkResolver.cpp, line 759]
Event: 24.710 Thread 0x0000024e54443a80 Exception <a 'java/lang/NoSuchMethodError'{0x000000008a3ea4c0}: 'java.lang.Object java.lang.invoke.DirectMethodHandle$Holder.invokeSpecial(java.lang.Object, java.lang.Object, java.lang.Object, java.lang.Object, java.lang.Object, long)'> (0x000000008a3ea4c0) 
thrown [s\src\hotspot\share\interpreter\linkResolver.cpp, line 759]
Event: 24.710 Thread 0x0000024e54443a80 Exception <a 'java/lang/NoSuchMethodError'{0x000000008a3edf00}: 'java.lang.Object java.lang.invoke.Invokers$Holder.linkToTargetMethod(java.lang.Object, java.lang.Object, java.lang.Object, long, java.lang.Object)'> (0x000000008a3edf00) 
thrown [s\src\hotspot\share\interpreter\linkResolver.cpp, line 759]
Event: 25.009 Thread 0x0000024e54443a80 Exception <a 'java/lang/NoSuchMethodError'{0x0000000087ce8ee0}: 'java.lang.Object java.lang.invoke.DirectMethodHandle$Holder.invokeInterface(java.lang.Object, java.lang.Object, java.lang.Object, java.lang.Object)'> (0x0000000087ce8ee0) 
thrown [s\src\hotspot\share\interpreter\linkResolver.cpp, line 759]
Event: 25.150 Thread 0x0000024e54443a80 Exception <a 'java/lang/IncompatibleClassChangeError'{0x000000008775d380}: Found class java.lang.Object, but interface was expected> (0x000000008775d380) 
thrown [s\src\hotspot\share\interpreter\linkResolver.cpp, line 826]
Event: 25.162 Thread 0x0000024e54443a80 Exception <a 'java/lang/NoSuchMethodError'{0x00000000877a6e20}: 'void java.lang.invoke.DirectMethodHandle$Holder.invokeSpecialIFC(java.lang.Object, java.lang.Object, int, java.lang.Object, java.lang.Object, java.lang.Object, java.lang.Object)'> (0x00000000877a6e20) 
thrown [s\src\hotspot\share\interpreter\linkResolver.cpp, line 759]
Event: 260.378 Thread 0x0000024e54443a80 Implicit null exception at 0x0000024e07f90612 to 0x0000024e07f91fa4
Event: 544.407 Thread 0x0000024e544453d0 Implicit null exception at 0x0000024e084d52ab to 0x0000024e084d9fa0
Event: 544.408 Thread 0x0000024e54445df0 Implicit null exception at 0x0000024e084d52ab to 0x0000024e084d9fa0
Event: 544.409 Thread 0x0000024e54444ec0 Implicit null exception at 0x0000024e084d52ab to 0x0000024e084d9fa0
Event: 544.409 Thread 0x0000024e54446d20 Implicit null exception at 0x0000024e084d52ab to 0x0000024e084d9fa0

VM Operations (20 events):
Event: 538.322 Executing VM operation: HandshakeAllThreads
Event: 538.326 Executing VM operation: HandshakeAllThreads done
Event: 539.328 Executing VM operation: Cleanup
Event: 539.657 Executing VM operation: Cleanup done
Event: 541.531 Executing VM operation: HandshakeAllThreads
Event: 541.531 Executing VM operation: HandshakeAllThreads done
Event: 541.531 Executing VM operation: Cleanup
Event: 541.531 Executing VM operation: Cleanup done
Event: 542.536 Executing VM operation: Cleanup
Event: 542.551 Executing VM operation: Cleanup done
Event: 543.555 Executing VM operation: Cleanup
Event: 543.555 Executing VM operation: Cleanup done
Event: 544.558 Executing VM operation: Cleanup
Event: 544.558 Executing VM operation: Cleanup done
Event: 544.744 Executing VM operation: G1CollectForAllocation
Event: 544.745 Executing VM operation: G1CollectForAllocation done
Event: 546.763 Executing VM operation: Cleanup
Event: 546.763 Executing VM operation: Cleanup done
Event: 548.556 Executing VM operation: G1CollectForAllocation
Event: 548.558 Executing VM operation: G1CollectForAllocation done

Events (20 events):
Event: 381.283 Thread 0x0000024e7c371720 flushing nmethod 0x0000024e0104de10
Event: 381.283 Thread 0x0000024e7c371720 flushing nmethod 0x0000024e01064310
Event: 381.283 Thread 0x0000024e7c371720 flushing nmethod 0x0000024e01064690
Event: 381.283 Thread 0x0000024e7c371720 flushing nmethod 0x0000024e010a4410
Event: 381.283 Thread 0x0000024e7c371720 flushing nmethod 0x0000024e010a4a10
Event: 381.283 Thread 0x0000024e7c371720 flushing nmethod 0x0000024e010a5c10
Event: 381.283 Thread 0x0000024e7c371720 flushing nmethod 0x0000024e010a7110
Event: 381.283 Thread 0x0000024e7c371720 flushing nmethod 0x0000024e01183590
Event: 381.283 Thread 0x0000024e7c371720 flushing nmethod 0x0000024e01192a10
Event: 381.283 Thread 0x0000024e7c371720 flushing nmethod 0x0000024e011ad390
Event: 381.283 Thread 0x0000024e7c371720 flushing nmethod 0x0000024e011bd790
Event: 433.254 Thread 0x0000024e56678240 Thread added: 0x0000024e56678240
Event: 438.926 Thread 0x0000024e56678240 Thread exited: 0x0000024e56678240
Event: 536.787 Thread 0x0000024e5667a0a0 Thread added: 0x0000024e5667a0a0
Event: 538.916 Thread 0x0000024e7c371720 flushing nmethod 0x0000024e003e5a90
Event: 538.918 Thread 0x0000024e7c371720 flushing nmethod 0x0000024e0064fb10
Event: 538.921 Thread 0x0000024e7c371720 flushing nmethod 0x0000024e00a58290
Event: 538.922 Thread 0x0000024e7c371720 flushing nmethod 0x0000024e00b3df90
Event: 541.861 Thread 0x0000024e5667a0a0 Thread exited: 0x0000024e5667a0a0
Event: 543.514 Thread 0x0000024e56678240 Thread added: 0x0000024e56678240


Dynamic libraries:
0x00007ff737a30000 - 0x00007ff737a3e000 	C:\Program Files\Microsoft\jdk-17.0.10.7-hotspot\bin\java.exe
0x00007ffd99030000 - 0x00007ffd99228000 	C:\WINDOWS\SYSTEM32\ntdll.dll
0x00007ffd987a0000 - 0x00007ffd9885d000 	C:\WINDOWS\System32\KERNEL32.DLL
0x00007ffd96d70000 - 0x00007ffd97066000 	C:\WINDOWS\System32\KERNELBASE.dll
0x00007ffd96840000 - 0x00007ffd96940000 	C:\WINDOWS\System32\ucrtbase.dll
0x00007ffd91b20000 - 0x00007ffd91b37000 	C:\Program Files\Microsoft\jdk-17.0.10.7-hotspot\bin\jli.dll
0x00007ffd91b00000 - 0x00007ffd91b1b000 	C:\Program Files\Microsoft\jdk-17.0.10.7-hotspot\bin\VCRUNTIME140.dll
0x00007ffd97130000 - 0x00007ffd972ce000 	C:\WINDOWS\System32\USER32.dll
0x00007ffd96c20000 - 0x00007ffd96c42000 	C:\WINDOWS\System32\win32u.dll
0x00007ffd83b00000 - 0x00007ffd83d9a000 	C:\WINDOWS\WinSxS\amd64_microsoft.windows.common-controls_6595b64144ccf1df_6.0.19041.3636_none_60b6a03d71f818d5\COMCTL32.dll
0x00007ffd98690000 - 0x00007ffd986bb000 	C:\WINDOWS\System32\GDI32.dll
0x00007ffd98160000 - 0x00007ffd981fe000 	C:\WINDOWS\System32\msvcrt.dll
0x00007ffd96c50000 - 0x00007ffd96d67000 	C:\WINDOWS\System32\gdi32full.dll
0x00007ffd96af0000 - 0x00007ffd96b8d000 	C:\WINDOWS\System32\msvcp_win.dll
0x00007ffd98d50000 - 0x00007ffd98d82000 	C:\WINDOWS\System32\IMM32.DLL
0x00007ffd904a0000 - 0x00007ffd904ac000 	C:\Program Files\Microsoft\jdk-17.0.10.7-hotspot\bin\vcruntime140_1.dll
0x00007ffd7dec0000 - 0x00007ffd7df4d000 	C:\Program Files\Microsoft\jdk-17.0.10.7-hotspot\bin\msvcp140.dll
0x00007ffd44590000 - 0x00007ffd451f5000 	C:\Program Files\Microsoft\jdk-17.0.10.7-hotspot\bin\server\jvm.dll
0x00007ffd97070000 - 0x00007ffd97123000 	C:\WINDOWS\System32\ADVAPI32.dll
0x00007ffd98ea0000 - 0x00007ffd98f3f000 	C:\WINDOWS\System32\sechost.dll
0x00007ffd98030000 - 0x00007ffd98156000 	C:\WINDOWS\System32\RPCRT4.dll
0x00007ffd966f0000 - 0x00007ffd96717000 	C:\WINDOWS\System32\bcrypt.dll
0x00007ffd95c90000 - 0x00007ffd95cdb000 	C:\WINDOWS\SYSTEM32\POWRPROF.dll
0x00007ffd7bcf0000 - 0x00007ffd7bcf9000 	C:\WINDOWS\SYSTEM32\WSOCK32.dll
0x00007ffd97fc0000 - 0x00007ffd9802b000 	C:\WINDOWS\System32\WS2_32.dll
0x00007ffd7b4a0000 - 0x00007ffd7b4c7000 	C:\WINDOWS\SYSTEM32\WINMM.dll
0x00007ffd8d770000 - 0x00007ffd8d77a000 	C:\WINDOWS\SYSTEM32\VERSION.dll
0x00007ffd95b00000 - 0x00007ffd95b12000 	C:\WINDOWS\SYSTEM32\UMPDC.dll
0x00007ffd94f30000 - 0x00007ffd94f42000 	C:\WINDOWS\SYSTEM32\kernel.appcore.dll
0x00007ffd90490000 - 0x00007ffd9049a000 	C:\Program Files\Microsoft\jdk-17.0.10.7-hotspot\bin\jimage.dll
0x00007ffd94310000 - 0x00007ffd944f4000 	C:\WINDOWS\SYSTEM32\DBGHELP.DLL
0x00007ffd811b0000 - 0x00007ffd811e4000 	C:\WINDOWS\SYSTEM32\dbgcore.DLL
0x00007ffd96b90000 - 0x00007ffd96c12000 	C:\WINDOWS\System32\bcryptPrimitives.dll
0x00007ffd8a430000 - 0x00007ffd8a43e000 	C:\Program Files\Microsoft\jdk-17.0.10.7-hotspot\bin\instrument.dll
0x00007ffd83e80000 - 0x00007ffd83ea5000 	C:\Program Files\Microsoft\jdk-17.0.10.7-hotspot\bin\java.dll
0x00007ffd70ee0000 - 0x00007ffd70fb7000 	C:\Program Files\Microsoft\jdk-17.0.10.7-hotspot\bin\jsvml.dll
0x00007ffd972d0000 - 0x00007ffd97a15000 	C:\WINDOWS\System32\SHELL32.dll
0x00007ffd94780000 - 0x00007ffd94f1c000 	C:\WINDOWS\SYSTEM32\windows.storage.dll
0x00007ffd98330000 - 0x00007ffd98684000 	C:\WINDOWS\System32\combase.dll
0x00007ffd96120000 - 0x00007ffd9614e000 	C:\WINDOWS\SYSTEM32\Wldp.dll
0x00007ffd97ee0000 - 0x00007ffd97fad000 	C:\WINDOWS\System32\OLEAUT32.dll
0x00007ffd98f40000 - 0x00007ffd98fed000 	C:\WINDOWS\System32\SHCORE.dll
0x00007ffd97bc0000 - 0x00007ffd97c15000 	C:\WINDOWS\System32\shlwapi.dll
0x00007ffd96620000 - 0x00007ffd96645000 	C:\WINDOWS\SYSTEM32\profapi.dll
0x00007ffd82490000 - 0x00007ffd824a8000 	C:\Program Files\Microsoft\jdk-17.0.10.7-hotspot\bin\zip.dll
0x00007ffd8a3a0000 - 0x00007ffd8a3b9000 	C:\Program Files\Microsoft\jdk-17.0.10.7-hotspot\bin\net.dll
0x00007ffd8cda0000 - 0x00007ffd8ceaa000 	C:\WINDOWS\SYSTEM32\WINHTTP.dll
0x00007ffd95e80000 - 0x00007ffd95eea000 	C:\WINDOWS\system32\mswsock.dll
0x00007ffd8a370000 - 0x00007ffd8a386000 	C:\Program Files\Microsoft\jdk-17.0.10.7-hotspot\bin\nio.dll
0x00007ffd82470000 - 0x00007ffd8248a000 	C:\Program Files\JetBrains\IntelliJ IDEA Community Edition 2023.3.4\bin\breakgen64.dll
0x00007ffd8a420000 - 0x00007ffd8a429000 	C:\Program Files\Microsoft\jdk-17.0.10.7-hotspot\bin\extnet.dll
0x00007ffd833c0000 - 0x00007ffd833c9000 	C:\Program Files\Microsoft\jdk-17.0.10.7-hotspot\bin\management.dll
0x00007ffd824e0000 - 0x00007ffd824eb000 	C:\Program Files\Microsoft\jdk-17.0.10.7-hotspot\bin\management_ext.dll
0x00007ffd98e00000 - 0x00007ffd98e08000 	C:\WINDOWS\System32\PSAPI.DLL
0x00007ffd82390000 - 0x00007ffd8239e000 	C:\Program Files\Microsoft\jdk-17.0.10.7-hotspot\bin\sunmscapi.dll
0x00007ffd96990000 - 0x00007ffd96aed000 	C:\WINDOWS\System32\CRYPT32.dll
0x00007ffd96190000 - 0x00007ffd961b8000 	C:\WINDOWS\SYSTEM32\ncrypt.dll
0x00007ffd96150000 - 0x00007ffd9618b000 	C:\WINDOWS\SYSTEM32\NTASN1.dll
0x00007ffd96070000 - 0x00007ffd96088000 	C:\WINDOWS\SYSTEM32\CRYPTSP.dll
0x00007ffd95740000 - 0x00007ffd95774000 	C:\WINDOWS\system32\rsaenh.dll
0x00007ffd965e0000 - 0x00007ffd9660e000 	C:\WINDOWS\SYSTEM32\USERENV.dll
0x00007ffd96090000 - 0x00007ffd9609c000 	C:\WINDOWS\SYSTEM32\CRYPTBASE.dll
0x00007ffd95b20000 - 0x00007ffd95b5b000 	C:\WINDOWS\SYSTEM32\IPHLPAPI.DLL
0x00007ffd97fb0000 - 0x00007ffd97fb8000 	C:\WINDOWS\System32\NSI.dll
0x00007ffd8d780000 - 0x00007ffd8d797000 	C:\WINDOWS\SYSTEM32\dhcpcsvc6.DLL
0x00007ffd8eb00000 - 0x00007ffd8eb1d000 	C:\WINDOWS\SYSTEM32\dhcpcsvc.DLL
0x00007ffd95b60000 - 0x00007ffd95c2b000 	C:\WINDOWS\SYSTEM32\DNSAPI.dll
0x00007ffd82370000 - 0x00007ffd82380000 	C:\Program Files\Microsoft\jdk-17.0.10.7-hotspot\bin\verify.dll
0x00007ffd83df0000 - 0x00007ffd83dfa000 	C:\Windows\System32\rasadhlp.dll
0x00007ffd83f00000 - 0x00007ffd83f80000 	C:\WINDOWS\System32\fwpuclnt.dll
0x00007ffd8f3b0000 - 0x00007ffd8f3b7000 	C:\WINDOWS\system32\wshunix.dll

dbghelp: loaded successfully - version: 4.0.5 - missing functions: none
symbol engine: initialized successfully - sym options: 0x614 - pdb path: .;C:\Program Files\Microsoft\jdk-17.0.10.7-hotspot\bin;C:\WINDOWS\SYSTEM32;C:\WINDOWS\WinSxS\amd64_microsoft.windows.common-controls_6595b64144ccf1df_6.0.19041.3636_none_60b6a03d71f818d5;C:\Program Files\Microsoft\jdk-17.0.10.7-hotspot\bin\server;C:\Program Files\JetBrains\IntelliJ IDEA Community Edition 2023.3.4\bin

VM Arguments:
jvm_args: -javaagent:C:\Program Files\JetBrains\IntelliJ IDEA Community Edition 2023.3.4\lib\idea_rt.jar=57355:C:\Program Files\JetBrains\IntelliJ IDEA Community Edition 2023.3.4\bin -Dfile.encoding=UTF-8 
java_command: ps.technolab.backend.BackendApplication
java_class_path (initial): C:\Users\shahd\Downloads\backend\target\classes;C:\Users\shahd\.m2\repository\org\springframework\boot\spring-boot-starter-data-jpa\3.2.3\spring-boot-starter-data-jpa-3.2.3.jar;C:\Users\shahd\.m2\repository\org\springframework\boot\spring-boot-starter-aop\3.2.3\spring-boot-starter-aop-3.2.3.jar;C:\Users\shahd\.m2\repository\org\springframework\spring-aop\6.1.4\spring-aop-6.1.4.jar;C:\Users\shahd\.m2\repository\org\aspectj\aspectjweaver\1.9.21\aspectjweaver-1.9.21.jar;C:\Users\shahd\.m2\repository\org\springframework\boot\spring-boot-starter-jdbc\3.2.3\spring-boot-starter-jdbc-3.2.3.jar;C:\Users\shahd\.m2\repository\com\zaxxer\HikariCP\5.0.1\HikariCP-5.0.1.jar;C:\Users\shahd\.m2\repository\org\springframework\spring-jdbc\6.1.4\spring-jdbc-6.1.4.jar;C:\Users\shahd\.m2\repository\org\hibernate\orm\hibernate-core\6.4.4.Final\hibernate-core-6.4.4.Final.jar;C:\Users\shahd\.m2\repository\jakarta\persistence\jakarta.persistence-api\3.1.0\jakarta.persistence-api-3.1.0.jar;C:\Users\shahd\.m2\repository\jakarta\transaction\jakarta.transaction-api\2.0.1\jakarta.transaction-api-2.0.1.jar;C:\Users\shahd\.m2\repository\org\jboss\logging\jboss-logging\3.5.3.Final\jboss-logging-3.5.3.Final.jar;C:\Users\shahd\.m2\repository\org\hibernate\common\hibernate-commons-annotations\6.0.6.Final\hibernate-commons-annotations-6.0.6.Final.jar;C:\Users\shahd\.m2\repository\io\smallrye\jandex\3.1.2\jandex-3.1.2.jar;C:\Users\shahd\.m2\repository\com\fasterxml\classmate\1.6.0\classmate-1.6.0.jar;C:\Users\shahd\.m2\repository\net\bytebuddy\byte-buddy\1.14.12\byte-buddy-1.14.12.jar;C:\Users\shahd\.m2\repository\org\glassfish\jaxb\jaxb-runtime\4.0.4\jaxb-runtime-4.0.4.jar;C:\Users\shahd\.m2\repository\org\glassfish\jaxb\jaxb-core\4.0.4\jaxb-core-4.0.4.jar;C:\Users\shahd\.m2\repository\org\eclipse\angus\angus-activation\2.0.1\angus-activation-2.0.1.jar;C:\Users\shahd\.m2\repository\org\glassfish\jaxb\txw2\4.0.4\txw2-4.0.4.jar;C:\Users\shahd\.m2\repository\com\sun\istack\ista
Launcher Type: SUN_STANDARD

[Global flags]
     intx CICompilerCount                          = 4                                         {product} {ergonomic}
     uint ConcGCThreads                            = 2                                         {product} {ergonomic}
     uint G1ConcRefinementThreads                  = 8                                         {product} {ergonomic}
   size_t G1HeapRegionSize                         = 1048576                                   {product} {ergonomic}
    uintx GCDrainStackTargetSize                   = 64                                        {product} {ergonomic}
   size_t InitialHeapSize                          = 132120576                                 {product} {ergonomic}
   size_t MarkStackSize                            = 4194304                                   {product} {ergonomic}
   size_t MaxHeapSize                              = 2107637760                                {product} {ergonomic}
   size_t MaxNewSize                               = 1264582656                                {product} {ergonomic}
   size_t MinHeapDeltaBytes                        = 1048576                                   {product} {ergonomic}
   size_t MinHeapSize                              = 8388608                                   {product} {ergonomic}
    uintx NonNMethodCodeHeapSize                   = 5839372                                {pd product} {ergonomic}
    uintx NonProfiledCodeHeapSize                  = 122909434                              {pd product} {ergonomic}
    uintx ProfiledCodeHeapSize                     = 122909434                              {pd product} {ergonomic}
    uintx ReservedCodeCacheSize                    = 251658240                              {pd product} {ergonomic}
     bool SegmentedCodeCache                       = true                                      {product} {ergonomic}
   size_t SoftMaxHeapSize                          = 2107637760                             {manageable} {ergonomic}
     bool UseCompressedClassPointers               = true                           {product lp64_product} {ergonomic}
     bool UseCompressedOops                        = true                           {product lp64_product} {ergonomic}
     bool UseG1GC                                  = true                                      {product} {ergonomic}
     bool UseLargePagesIndividualAllocation        = false                                  {pd product} {ergonomic}

Logging:
Log output configuration:
 #0: stdout all=warning uptime,level,tags
 #1: stderr all=off uptime,level,tags

Environment Variables:
JAVA_HOME=C:\Program Files\Java\jdk-17
PATH=C:\Program Files\Microsoft\jdk-17.0.10.7-hotspot\bin;C:\Program Files\Common Files\Oracle\Java\javapath;C:\Python311\Scripts\;C:\Python311\;C:\WINDOWS\system32;C:\WINDOWS;C:\WINDOWS\System32\Wbem;C:\WINDOWS\System32\WindowsPowerShell\v1.0\;C:\WINDOWS\System32\OpenSSH\;C:\ProgramData\chocolatey\bin;C:\MinGW\bin;C:\src\flutter\bin;C:\Program Files\Git\cmd;C:\Program Files\MySQL\MySQL Server 8.0\bin;C:\Program Files (x86)\Windows Kits\10\Windows Performance Toolkit\;C:\dart\bin;C:\xampp\php;C:\ProgramData\ComposerSetup\bin;C:\Program Files\Java\jdk-17\bin;C:\Program Files\nodejs\;C:\Users\shahd\AppData\Local\Microsoft\WindowsApps;C:\Program Files\JetBrains\PhpStorm 2022.2.1\bin;;C:\src\flutter\bin;C:\Users\shahd\AppData\Local\Programs\Microsoft VS Code\bin;C:\cygwin64\home\shahd;C:\Users\shahd\AppData\Local\GitHubDesktop\bin;C:\dart\bin;C:\xampp\mysql\bin;C:\Users\shahd\AppData\Roaming\Composer\vendor\bin;C:\Users\shahd\AppData\Roaming\npm;C:\Users\shahd\AppData\Local\Android\Sdk\platform-tools;;C:\Program Files\JetBrains\IntelliJ IDEA Community Edition 2023.3.4\bin;
USERNAME=shahd
OS=Windows_NT
PROCESSOR_IDENTIFIER=Intel64 Family 6 Model 142 Stepping 12, GenuineIntel
TMP=C:\Users\shahd\AppData\Local\Temp
TEMP=C:\Users\shahd\AppData\Local\Temp



Periodic native trim disabled


---------------  S Y S T E M  ---------------

OS:
 Windows 10 , 64 bit Build 19041 (10.0.19041.3636)
OS uptime: 3 days 5:23 hours

CPU: total 8 (initial active 8) (4 cores per cpu, 2 threads per core) family 6 model 142 stepping 12 microcode 0xf8, cx8, cmov, fxsr, ht, mmx, 3dnowpref, sse, sse2, sse3, ssse3, sse4.1, sse4.2, popcnt, lzcnt, tsc, tscinvbit, avx, avx2, aes, erms, clmul, bmi1, bmi2, adx, fma, vzeroupper, clflush, clflushopt
Processor Information for all 8 processors :
  Max Mhz: 2304, Current Mhz: 1803, Mhz Limit: 1797

Memory: 4k page, system-wide physical 8039M (800M free)
TotalPageFile size 31479M (AvailPageFile size 14978M)
current process WorkingSet (physical memory assigned to process): 400M, peak: 416M
current process commit charge ("private bytes"): 564M, peak: 565M

vm_info: OpenJDK 64-Bit Server VM (17.0.10+7-LTS) for windows-amd64 JRE (17.0.10+7-LTS), built on Jan 10 2024 19:47:12 by "MicrosoftCorporation" with MS VC++ 16.10 / 16.11 (VS2019)

END.
